2022-06-30 00:56:43.934  INFO 6596 --- [restartedMain] com.example.mock2.Mock2Application       : Starting Mock2Application using Java 1.8.0_111 on DESKTOP-VHUB827 with PID 6596 (C:\Users\DELL\Documents\FsoftTraining\mooc2\bk_java_proshop\01.source\product-service\target\classes started by DELL in C:\Users\DELL\Documents\FsoftTraining\mooc2\bk_java_proshop\01.source\product-service)
2022-06-30 00:56:43.939  INFO 6596 --- [restartedMain] com.example.mock2.Mock2Application       : No active profile set, falling back to 1 default profile: "default"
2022-06-30 00:56:44.121  INFO 6596 --- [restartedMain] .e.DevToolsPropertyDefaultsPostProcessor : Devtools property defaults active! Set 'spring.devtools.add-properties' to 'false' to disable
2022-06-30 00:56:44.122  INFO 6596 --- [restartedMain] .e.DevToolsPropertyDefaultsPostProcessor : For additional web related logging consider setting the 'logging.level.web' property to 'DEBUG'
2022-06-30 00:56:48.098  INFO 6596 --- [restartedMain] .s.d.r.c.RepositoryConfigurationDelegate : Bootstrapping Spring Data JPA repositories in DEFAULT mode.
2022-06-30 00:56:48.738  INFO 6596 --- [restartedMain] .s.d.r.c.RepositoryConfigurationDelegate : Finished Spring Data repository scanning in 613 ms. Found 5 JPA repository interfaces.
2022-06-30 00:56:50.917  INFO 6596 --- [restartedMain] o.s.cloud.context.scope.GenericScope     : BeanFactory id=b4adedc9-3844-3124-a546-f2492e3bdc32
2022-06-30 00:56:53.642  INFO 6596 --- [restartedMain] trationDelegate$BeanPostProcessorChecker : Bean 'org.springframework.cloud.client.loadbalancer.reactive.LoadBalancerBeanPostProcessorAutoConfiguration' of type [org.springframework.cloud.client.loadbalancer.reactive.LoadBalancerBeanPostProcessorAutoConfiguration] is not eligible for getting processed by all BeanPostProcessors (for example: not eligible for auto-proxying)
2022-06-30 00:56:53.648  INFO 6596 --- [restartedMain] trationDelegate$BeanPostProcessorChecker : Bean 'org.springframework.cloud.client.loadbalancer.reactive.LoadBalancerBeanPostProcessorAutoConfiguration$ReactorDeferringLoadBalancerFilterConfig' of type [org.springframework.cloud.client.loadbalancer.reactive.LoadBalancerBeanPostProcessorAutoConfiguration$ReactorDeferringLoadBalancerFilterConfig] is not eligible for getting processed by all BeanPostProcessors (for example: not eligible for auto-proxying)
2022-06-30 00:56:53.670  INFO 6596 --- [restartedMain] trationDelegate$BeanPostProcessorChecker : Bean 'reactorDeferringLoadBalancerExchangeFilterFunction' of type [org.springframework.cloud.client.loadbalancer.reactive.DeferringLoadBalancerExchangeFilterFunction] is not eligible for getting processed by all BeanPostProcessors (for example: not eligible for auto-proxying)
2022-06-30 00:56:57.788  INFO 6596 --- [restartedMain] o.s.b.w.embedded.tomcat.TomcatWebServer  : Tomcat initialized with port(s): 8083 (http)
2022-06-30 00:56:57.822  INFO 6596 --- [restartedMain] o.apache.catalina.core.StandardService   : Starting service [Tomcat]
2022-06-30 00:56:57.823  INFO 6596 --- [restartedMain] org.apache.catalina.core.StandardEngine  : Starting Servlet engine: [Apache Tomcat/9.0.63]
2022-06-30 00:56:58.430  INFO 6596 --- [restartedMain] o.a.c.c.C.[Tomcat].[localhost].[/]       : Initializing Spring embedded WebApplicationContext
2022-06-30 00:56:58.431  INFO 6596 --- [restartedMain] w.s.c.ServletWebServerApplicationContext : Root WebApplicationContext: initialization completed in 14308 ms
2022-06-30 00:56:59.110  INFO 6596 --- [restartedMain] com.zaxxer.hikari.HikariDataSource       : HikariPool-1 - Starting...
2022-06-30 00:57:00.828  INFO 6596 --- [restartedMain] com.zaxxer.hikari.HikariDataSource       : HikariPool-1 - Start completed.
2022-06-30 00:57:01.065  INFO 6596 --- [restartedMain] o.hibernate.jpa.internal.util.LogHelper  : HHH000204: Processing PersistenceUnitInfo [name: default]
2022-06-30 00:57:01.363  INFO 6596 --- [restartedMain] org.hibernate.Version                    : HHH000412: Hibernate ORM core version 5.6.9.Final
2022-06-30 00:57:02.985  INFO 6596 --- [restartedMain] o.hibernate.annotations.common.Version   : HCANN000001: Hibernate Commons Annotations {5.1.2.Final}
2022-06-30 00:57:03.640  INFO 6596 --- [restartedMain] org.hibernate.dialect.Dialect            : HHH000400: Using dialect: org.hibernate.dialect.MySQL5InnoDBDialect
2022-06-30 00:57:06.154  INFO 6596 --- [restartedMain] o.h.e.t.j.p.i.JtaPlatformInitiator       : HHH000490: Using JtaPlatform implementation: [org.hibernate.engine.transaction.jta.platform.internal.NoJtaPlatform]
2022-06-30 00:57:06.171  INFO 6596 --- [restartedMain] j.LocalContainerEntityManagerFactoryBean : Initialized JPA EntityManagerFactory for persistence unit 'default'
2022-06-30 00:57:16.100  WARN 6596 --- [restartedMain] JpaBaseConfiguration$JpaWebConfiguration : spring.jpa.open-in-view is enabled by default. Therefore, database queries may be performed during view rendering. Explicitly configure spring.jpa.open-in-view to disable this warning
2022-06-30 00:57:16.297  WARN 6596 --- [restartedMain] .s.s.UserDetailsServiceAutoConfiguration : 

Using generated security password: 7fbb7244-29e8-4be9-8ff8-abb00cd7931c

This generated password is for development use only. Your security configuration must be updated before running your application in production.

2022-06-30 00:57:17.076  INFO 6596 --- [restartedMain] o.s.s.web.DefaultSecurityFilterChain     : Will secure any request with [org.springframework.security.web.session.DisableEncodeUrlFilter@1633611, org.springframework.security.web.context.request.async.WebAsyncManagerIntegrationFilter@67651550, org.springframework.security.web.context.SecurityContextPersistenceFilter@6886556a, org.springframework.security.web.header.HeaderWriterFilter@6394573, org.springframework.security.web.authentication.logout.LogoutFilter@17fc4097, com.example.mock2.filter.CustomAuthorizationFilter@745849f6, org.springframework.security.web.savedrequest.RequestCacheAwareFilter@3b484537, org.springframework.security.web.servletapi.SecurityContextHolderAwareRequestFilter@78b19b25, org.springframework.security.web.authentication.AnonymousAuthenticationFilter@1c81e1a4, org.springframework.security.web.session.SessionManagementFilter@46193775, org.springframework.security.web.access.ExceptionTranslationFilter@253fa27d, org.springframework.security.web.access.intercept.FilterSecurityInterceptor@111972fb]
2022-06-30 00:57:18.674  WARN 6596 --- [restartedMain] ion$DefaultTemplateResolverConfiguration : Cannot find template location: classpath:/templates/ (please add some templates or check your Thymeleaf configuration)
2022-06-30 00:57:19.816  WARN 6596 --- [restartedMain] o.s.b.d.a.OptionalLiveReloadServer       : Unable to start LiveReload server
2022-06-30 00:57:21.492  INFO 6596 --- [restartedMain] DiscoveryClientOptionalArgsConfiguration : Eureka HTTP Client uses RestTemplate.
2022-06-30 00:57:24.845  WARN 6596 --- [restartedMain] iguration$LoadBalancerCaffeineWarnLogger : Spring Cloud LoadBalancer is currently working with the default cache. While this cache implementation is useful for development and tests, it's recommended to use Caffeine cache in production.You can switch to using Caffeine cache, by adding it and org.springframework.cache.caffeine.CaffeineCacheManager to the classpath.
2022-06-30 00:57:24.945  INFO 6596 --- [restartedMain] o.s.c.n.eureka.InstanceInfoFactory       : Setting initial instance status as: STARTING
2022-06-30 00:57:25.314  INFO 6596 --- [restartedMain] com.netflix.discovery.DiscoveryClient    : Initializing Eureka in region us-east-1
2022-06-30 00:57:25.340  INFO 6596 --- [restartedMain] c.n.d.s.r.aws.ConfigClusterResolver      : Resolving eureka endpoints via configuration
2022-06-30 00:57:25.667  INFO 6596 --- [restartedMain] com.netflix.discovery.DiscoveryClient    : Disable delta property : false
2022-06-30 00:57:25.669  INFO 6596 --- [restartedMain] com.netflix.discovery.DiscoveryClient    : Single vip registry refresh property : null
2022-06-30 00:57:25.669  INFO 6596 --- [restartedMain] com.netflix.discovery.DiscoveryClient    : Force full registry fetch : false
2022-06-30 00:57:25.670  INFO 6596 --- [restartedMain] com.netflix.discovery.DiscoveryClient    : Application is null : false
2022-06-30 00:57:25.674  INFO 6596 --- [restartedMain] com.netflix.discovery.DiscoveryClient    : Registered Applications size is zero : true
2022-06-30 00:57:25.675  INFO 6596 --- [restartedMain] com.netflix.discovery.DiscoveryClient    : Application version is -1: true
2022-06-30 00:57:25.676  INFO 6596 --- [restartedMain] com.netflix.discovery.DiscoveryClient    : Getting all instance registry info from the eureka server
2022-06-30 00:57:26.482  INFO 6596 --- [restartedMain] com.netflix.discovery.DiscoveryClient    : The response status is 200
2022-06-30 00:57:26.486  INFO 6596 --- [restartedMain] com.netflix.discovery.DiscoveryClient    : Starting heartbeat executor: renew interval is: 30
2022-06-30 00:57:26.491  INFO 6596 --- [restartedMain] c.n.discovery.InstanceInfoReplicator     : InstanceInfoReplicator onDemand update allowed rate per min is 4
2022-06-30 00:57:26.501  INFO 6596 --- [restartedMain] com.netflix.discovery.DiscoveryClient    : Discovery Client initialized at timestamp 1656525446497 with initial instances count: 0
2022-06-30 00:57:26.505  INFO 6596 --- [restartedMain] o.s.c.n.e.s.EurekaServiceRegistry        : Registering application PRODUCT-SERVICE with eureka with status UP
2022-06-30 00:57:26.507  INFO 6596 --- [restartedMain] com.netflix.discovery.DiscoveryClient    : Saw local status change event StatusChangeEvent [timestamp=1656525446507, current=UP, previous=STARTING]
2022-06-30 00:57:26.511  INFO 6596 --- [DiscoveryClient-InstanceInfoReplicator-0] com.netflix.discovery.DiscoveryClient    : DiscoveryClient_PRODUCT-SERVICE/DESKTOP-VHUB827:product-service:8083: registering service...
2022-06-30 00:57:26.592  INFO 6596 --- [restartedMain] o.s.b.w.embedded.tomcat.TomcatWebServer  : Tomcat started on port(s): 8083 (http) with context path ''
2022-06-30 00:57:26.594  INFO 6596 --- [restartedMain] .s.c.n.e.s.EurekaAutoServiceRegistration : Updating port to 8083
2022-06-30 00:57:26.643  INFO 6596 --- [DiscoveryClient-InstanceInfoReplicator-0] com.netflix.discovery.DiscoveryClient    : DiscoveryClient_PRODUCT-SERVICE/DESKTOP-VHUB827:product-service:8083 - registration status: 204
2022-06-30 00:57:28.058  INFO 6596 --- [restartedMain] com.example.mock2.Mock2Application       : Started Mock2Application in 50.011 seconds (JVM running for 59.607)
2022-06-30 00:57:45.294  INFO 6596 --- [http-nio-8083-exec-1] o.a.c.c.C.[Tomcat].[localhost].[/]       : Initializing Spring DispatcherServlet 'dispatcherServlet'
2022-06-30 00:57:45.295  INFO 6596 --- [http-nio-8083-exec-1] o.s.web.servlet.DispatcherServlet        : Initializing Servlet 'dispatcherServlet'
2022-06-30 00:57:45.297  INFO 6596 --- [http-nio-8083-exec-1] o.s.web.servlet.DispatcherServlet        : Completed initialization in 2 ms
2022-06-30 00:57:45.795  INFO 6596 --- [http-nio-8083-exec-1] c.e.m.C.ProductRatingController          : user add a product rating with info:com.example.mock2.DTO.ProductRatingDTO@4d671360
2022-06-30 00:57:46.231  WARN 6596 --- [http-nio-8083-exec-1] o.s.c.l.core.RoundRobinLoadBalancer      : No servers available for service: user-service
2022-06-30 00:57:46.268  WARN 6596 --- [http-nio-8083-exec-1] .m.m.a.ExceptionHandlerExceptionResolver : Resolved [java.lang.IllegalStateException: No instances available for user-service]
2022-06-30 00:57:51.341  INFO 6596 --- [http-nio-8083-exec-4] c.e.m.C.ProductRatingController          : user add a product rating with info:com.example.mock2.DTO.ProductRatingDTO@74c9312f
2022-06-30 00:57:51.347  WARN 6596 --- [http-nio-8083-exec-4] o.s.c.l.core.RoundRobinLoadBalancer      : No servers available for service: user-service
2022-06-30 00:57:51.356  WARN 6596 --- [http-nio-8083-exec-4] .m.m.a.ExceptionHandlerExceptionResolver : Resolved [java.lang.IllegalStateException: No instances available for user-service]
2022-06-30 00:57:56.500  INFO 6596 --- [DiscoveryClient-CacheRefreshExecutor-0] com.netflix.discovery.DiscoveryClient    : Disable delta property : false
2022-06-30 00:57:56.501  INFO 6596 --- [DiscoveryClient-CacheRefreshExecutor-0] com.netflix.discovery.DiscoveryClient    : Single vip registry refresh property : null
2022-06-30 00:57:56.502  INFO 6596 --- [DiscoveryClient-CacheRefreshExecutor-0] com.netflix.discovery.DiscoveryClient    : Force full registry fetch : false
2022-06-30 00:57:56.503  INFO 6596 --- [DiscoveryClient-CacheRefreshExecutor-0] com.netflix.discovery.DiscoveryClient    : Application is null : false
2022-06-30 00:57:56.504  INFO 6596 --- [DiscoveryClient-CacheRefreshExecutor-0] com.netflix.discovery.DiscoveryClient    : Registered Applications size is zero : true
2022-06-30 00:57:56.505  INFO 6596 --- [DiscoveryClient-CacheRefreshExecutor-0] com.netflix.discovery.DiscoveryClient    : Application version is -1: false
2022-06-30 00:57:56.505  INFO 6596 --- [DiscoveryClient-CacheRefreshExecutor-0] com.netflix.discovery.DiscoveryClient    : Getting all instance registry info from the eureka server
2022-06-30 00:57:56.546  INFO 6596 --- [DiscoveryClient-CacheRefreshExecutor-0] com.netflix.discovery.DiscoveryClient    : The response status is 200
2022-06-30 00:58:04.297  INFO 6596 --- [http-nio-8083-exec-6] c.e.m.C.ProductRatingController          : user add a product rating with info:com.example.mock2.DTO.ProductRatingDTO@3031bb19
2022-06-30 00:58:04.721  WARN 6596 --- [http-nio-8083-exec-6] .m.m.a.ExceptionHandlerExceptionResolver : Resolved [org.springframework.web.client.HttpClientErrorException$BadRequest: 400 : "{"status":400,"message":"Invalid input format. Please check again!"}"]
2022-06-30 00:58:34.015  INFO 6596 --- [SpringApplicationShutdownHook] o.s.c.n.e.s.EurekaServiceRegistry        : Unregistering application PRODUCT-SERVICE with eureka with status DOWN
2022-06-30 00:58:34.016  INFO 6596 --- [SpringApplicationShutdownHook] com.netflix.discovery.DiscoveryClient    : Saw local status change event StatusChangeEvent [timestamp=1656525514016, current=DOWN, previous=UP]
2022-06-30 00:58:34.017  INFO 6596 --- [DiscoveryClient-InstanceInfoReplicator-0] com.netflix.discovery.DiscoveryClient    : DiscoveryClient_PRODUCT-SERVICE/DESKTOP-VHUB827:product-service:8083: registering service...
2022-06-30 00:58:34.031  INFO 6596 --- [DiscoveryClient-InstanceInfoReplicator-0] com.netflix.discovery.DiscoveryClient    : DiscoveryClient_PRODUCT-SERVICE/DESKTOP-VHUB827:product-service:8083 - registration status: 204
2022-06-30 00:58:34.460  INFO 6596 --- [SpringApplicationShutdownHook] j.LocalContainerEntityManagerFactoryBean : Closing JPA EntityManagerFactory for persistence unit 'default'
2022-06-30 00:58:34.468  INFO 6596 --- [SpringApplicationShutdownHook] com.zaxxer.hikari.HikariDataSource       : HikariPool-1 - Shutdown initiated...
2022-06-30 00:58:34.483  INFO 6596 --- [SpringApplicationShutdownHook] com.zaxxer.hikari.HikariDataSource       : HikariPool-1 - Shutdown completed.
2022-06-30 00:58:34.484  INFO 6596 --- [SpringApplicationShutdownHook] com.netflix.discovery.DiscoveryClient    : Shutting down DiscoveryClient ...
2022-06-30 00:58:37.495  INFO 6596 --- [SpringApplicationShutdownHook] com.netflix.discovery.DiscoveryClient    : Unregistering ...
2022-06-30 00:58:37.514  INFO 6596 --- [SpringApplicationShutdownHook] com.netflix.discovery.DiscoveryClient    : DiscoveryClient_PRODUCT-SERVICE/DESKTOP-VHUB827:product-service:8083 - deregister  status: 200
2022-06-30 00:58:37.522  INFO 6596 --- [SpringApplicationShutdownHook] com.netflix.discovery.DiscoveryClient    : Completed shut down of DiscoveryClient
2022-06-30 00:58:48.588  INFO 12104 --- [restartedMain] com.example.mock2.Mock2Application       : Starting Mock2Application using Java 1.8.0_111 on DESKTOP-VHUB827 with PID 12104 (C:\Users\DELL\Documents\FsoftTraining\mooc2\bk_java_proshop\01.source\product-service\target\classes started by DELL in C:\Users\DELL\Documents\FsoftTraining\mooc2\bk_java_proshop\01.source\product-service)
2022-06-30 00:58:48.595  INFO 12104 --- [restartedMain] com.example.mock2.Mock2Application       : No active profile set, falling back to 1 default profile: "default"
2022-06-30 00:58:48.740  INFO 12104 --- [restartedMain] .e.DevToolsPropertyDefaultsPostProcessor : Devtools property defaults active! Set 'spring.devtools.add-properties' to 'false' to disable
2022-06-30 00:58:48.740  INFO 12104 --- [restartedMain] .e.DevToolsPropertyDefaultsPostProcessor : For additional web related logging consider setting the 'logging.level.web' property to 'DEBUG'
2022-06-30 00:58:50.871  INFO 12104 --- [restartedMain] .s.d.r.c.RepositoryConfigurationDelegate : Bootstrapping Spring Data JPA repositories in DEFAULT mode.
2022-06-30 00:58:51.205  INFO 12104 --- [restartedMain] .s.d.r.c.RepositoryConfigurationDelegate : Finished Spring Data repository scanning in 318 ms. Found 5 JPA repository interfaces.
2022-06-30 00:58:51.938  INFO 12104 --- [restartedMain] o.s.cloud.context.scope.GenericScope     : BeanFactory id=376ba544-e459-3b36-b86a-ea5e6afe55cc
2022-06-30 00:58:52.439  INFO 12104 --- [restartedMain] trationDelegate$BeanPostProcessorChecker : Bean 'org.springframework.cloud.client.loadbalancer.reactive.LoadBalancerBeanPostProcessorAutoConfiguration' of type [org.springframework.cloud.client.loadbalancer.reactive.LoadBalancerBeanPostProcessorAutoConfiguration] is not eligible for getting processed by all BeanPostProcessors (for example: not eligible for auto-proxying)
2022-06-30 00:58:52.441  INFO 12104 --- [restartedMain] trationDelegate$BeanPostProcessorChecker : Bean 'org.springframework.cloud.client.loadbalancer.reactive.LoadBalancerBeanPostProcessorAutoConfiguration$ReactorDeferringLoadBalancerFilterConfig' of type [org.springframework.cloud.client.loadbalancer.reactive.LoadBalancerBeanPostProcessorAutoConfiguration$ReactorDeferringLoadBalancerFilterConfig] is not eligible for getting processed by all BeanPostProcessors (for example: not eligible for auto-proxying)
2022-06-30 00:58:52.445  INFO 12104 --- [restartedMain] trationDelegate$BeanPostProcessorChecker : Bean 'reactorDeferringLoadBalancerExchangeFilterFunction' of type [org.springframework.cloud.client.loadbalancer.reactive.DeferringLoadBalancerExchangeFilterFunction] is not eligible for getting processed by all BeanPostProcessors (for example: not eligible for auto-proxying)
2022-06-30 00:58:53.999  INFO 12104 --- [restartedMain] o.s.b.w.embedded.tomcat.TomcatWebServer  : Tomcat initialized with port(s): 8083 (http)
2022-06-30 00:58:54.022  INFO 12104 --- [restartedMain] o.apache.catalina.core.StandardService   : Starting service [Tomcat]
2022-06-30 00:58:54.023  INFO 12104 --- [restartedMain] org.apache.catalina.core.StandardEngine  : Starting Servlet engine: [Apache Tomcat/9.0.63]
2022-06-30 00:58:54.282  INFO 12104 --- [restartedMain] o.a.c.c.C.[Tomcat].[localhost].[/]       : Initializing Spring embedded WebApplicationContext
2022-06-30 00:58:54.283  INFO 12104 --- [restartedMain] w.s.c.ServletWebServerApplicationContext : Root WebApplicationContext: initialization completed in 5541 ms
2022-06-30 00:58:54.665  INFO 12104 --- [restartedMain] com.zaxxer.hikari.HikariDataSource       : HikariPool-1 - Starting...
2022-06-30 00:58:55.867  INFO 12104 --- [restartedMain] com.zaxxer.hikari.HikariDataSource       : HikariPool-1 - Start completed.
2022-06-30 00:58:55.981  INFO 12104 --- [restartedMain] o.hibernate.jpa.internal.util.LogHelper  : HHH000204: Processing PersistenceUnitInfo [name: default]
2022-06-30 00:58:56.137  INFO 12104 --- [restartedMain] org.hibernate.Version                    : HHH000412: Hibernate ORM core version 5.6.9.Final
2022-06-30 00:58:56.571  INFO 12104 --- [restartedMain] o.hibernate.annotations.common.Version   : HCANN000001: Hibernate Commons Annotations {5.1.2.Final}
2022-06-30 00:58:56.811  INFO 12104 --- [restartedMain] org.hibernate.dialect.Dialect            : HHH000400: Using dialect: org.hibernate.dialect.MySQL5InnoDBDialect
2022-06-30 00:58:58.175  INFO 12104 --- [restartedMain] o.h.e.t.j.p.i.JtaPlatformInitiator       : HHH000490: Using JtaPlatform implementation: [org.hibernate.engine.transaction.jta.platform.internal.NoJtaPlatform]
2022-06-30 00:58:58.537  INFO 12104 --- [restartedMain] j.LocalContainerEntityManagerFactoryBean : Initialized JPA EntityManagerFactory for persistence unit 'default'
2022-06-30 00:59:00.251  WARN 12104 --- [restartedMain] JpaBaseConfiguration$JpaWebConfiguration : spring.jpa.open-in-view is enabled by default. Therefore, database queries may be performed during view rendering. Explicitly configure spring.jpa.open-in-view to disable this warning
2022-06-30 00:59:00.373  WARN 12104 --- [restartedMain] .s.s.UserDetailsServiceAutoConfiguration : 

Using generated security password: bc695f83-d52b-4538-85b3-913bb5325128

This generated password is for development use only. Your security configuration must be updated before running your application in production.

2022-06-30 00:59:00.648  INFO 12104 --- [restartedMain] o.s.s.web.DefaultSecurityFilterChain     : Will secure any request with [org.springframework.security.web.session.DisableEncodeUrlFilter@b251b07, org.springframework.security.web.context.request.async.WebAsyncManagerIntegrationFilter@54ea8213, org.springframework.security.web.context.SecurityContextPersistenceFilter@7ff4abb, org.springframework.security.web.header.HeaderWriterFilter@5555a705, org.springframework.security.web.authentication.logout.LogoutFilter@4138b67d, com.example.mock2.filter.CustomAuthorizationFilter@569de467, org.springframework.security.web.savedrequest.RequestCacheAwareFilter@6efd36bf, org.springframework.security.web.servletapi.SecurityContextHolderAwareRequestFilter@5fc95841, org.springframework.security.web.authentication.AnonymousAuthenticationFilter@69e266ea, org.springframework.security.web.session.SessionManagementFilter@38bc200d, org.springframework.security.web.access.ExceptionTranslationFilter@69cea510, org.springframework.security.web.access.intercept.FilterSecurityInterceptor@189ff3e]
2022-06-30 00:59:01.347  WARN 12104 --- [restartedMain] ion$DefaultTemplateResolverConfiguration : Cannot find template location: classpath:/templates/ (please add some templates or check your Thymeleaf configuration)
2022-06-30 00:59:01.941  WARN 12104 --- [restartedMain] o.s.b.d.a.OptionalLiveReloadServer       : Unable to start LiveReload server
2022-06-30 00:59:03.516  INFO 12104 --- [restartedMain] DiscoveryClientOptionalArgsConfiguration : Eureka HTTP Client uses RestTemplate.
2022-06-30 00:59:07.634  WARN 12104 --- [restartedMain] iguration$LoadBalancerCaffeineWarnLogger : Spring Cloud LoadBalancer is currently working with the default cache. While this cache implementation is useful for development and tests, it's recommended to use Caffeine cache in production.You can switch to using Caffeine cache, by adding it and org.springframework.cache.caffeine.CaffeineCacheManager to the classpath.
2022-06-30 00:59:07.724  INFO 12104 --- [restartedMain] o.s.c.n.eureka.InstanceInfoFactory       : Setting initial instance status as: STARTING
2022-06-30 00:59:08.060  INFO 12104 --- [restartedMain] com.netflix.discovery.DiscoveryClient    : Initializing Eureka in region us-east-1
2022-06-30 00:59:08.084  INFO 12104 --- [restartedMain] c.n.d.s.r.aws.ConfigClusterResolver      : Resolving eureka endpoints via configuration
2022-06-30 00:59:08.171  INFO 12104 --- [restartedMain] com.netflix.discovery.DiscoveryClient    : Disable delta property : false
2022-06-30 00:59:08.173  INFO 12104 --- [restartedMain] com.netflix.discovery.DiscoveryClient    : Single vip registry refresh property : null
2022-06-30 00:59:08.174  INFO 12104 --- [restartedMain] com.netflix.discovery.DiscoveryClient    : Force full registry fetch : false
2022-06-30 00:59:08.177  INFO 12104 --- [restartedMain] com.netflix.discovery.DiscoveryClient    : Application is null : false
2022-06-30 00:59:08.177  INFO 12104 --- [restartedMain] com.netflix.discovery.DiscoveryClient    : Registered Applications size is zero : true
2022-06-30 00:59:08.178  INFO 12104 --- [restartedMain] com.netflix.discovery.DiscoveryClient    : Application version is -1: true
2022-06-30 00:59:08.178  INFO 12104 --- [restartedMain] com.netflix.discovery.DiscoveryClient    : Getting all instance registry info from the eureka server
2022-06-30 00:59:09.907  INFO 12104 --- [restartedMain] com.netflix.discovery.DiscoveryClient    : The response status is 200
2022-06-30 00:59:09.919  INFO 12104 --- [restartedMain] com.netflix.discovery.DiscoveryClient    : Starting heartbeat executor: renew interval is: 30
2022-06-30 00:59:09.931  INFO 12104 --- [restartedMain] c.n.discovery.InstanceInfoReplicator     : InstanceInfoReplicator onDemand update allowed rate per min is 4
2022-06-30 00:59:09.949  INFO 12104 --- [restartedMain] com.netflix.discovery.DiscoveryClient    : Discovery Client initialized at timestamp 1656525549943 with initial instances count: 2
2022-06-30 00:59:09.960  INFO 12104 --- [restartedMain] o.s.c.n.e.s.EurekaServiceRegistry        : Registering application PRODUCT-SERVICE with eureka with status UP
2022-06-30 00:59:09.962  INFO 12104 --- [restartedMain] com.netflix.discovery.DiscoveryClient    : Saw local status change event StatusChangeEvent [timestamp=1656525549962, current=UP, previous=STARTING]
2022-06-30 00:59:09.979  INFO 12104 --- [DiscoveryClient-InstanceInfoReplicator-0] com.netflix.discovery.DiscoveryClient    : DiscoveryClient_PRODUCT-SERVICE/DESKTOP-VHUB827:product-service:8083: registering service...
2022-06-30 00:59:10.195  INFO 12104 --- [restartedMain] o.s.b.w.embedded.tomcat.TomcatWebServer  : Tomcat started on port(s): 8083 (http) with context path ''
2022-06-30 00:59:10.199  INFO 12104 --- [restartedMain] .s.c.n.e.s.EurekaAutoServiceRegistration : Updating port to 8083
2022-06-30 00:59:10.600  INFO 12104 --- [DiscoveryClient-InstanceInfoReplicator-0] com.netflix.discovery.DiscoveryClient    : DiscoveryClient_PRODUCT-SERVICE/DESKTOP-VHUB827:product-service:8083 - registration status: 204
2022-06-30 00:59:12.461  INFO 12104 --- [restartedMain] com.example.mock2.Mock2Application       : Started Mock2Application in 25.936 seconds (JVM running for 28.234)
2022-06-30 01:01:06.548  INFO 12104 --- [SpringApplicationShutdownHook] o.s.c.n.e.s.EurekaServiceRegistry        : Unregistering application PRODUCT-SERVICE with eureka with status DOWN
2022-06-30 01:01:06.549  INFO 12104 --- [SpringApplicationShutdownHook] com.netflix.discovery.DiscoveryClient    : Saw local status change event StatusChangeEvent [timestamp=1656525666549, current=DOWN, previous=UP]
2022-06-30 01:01:06.549  INFO 12104 --- [DiscoveryClient-InstanceInfoReplicator-0] com.netflix.discovery.DiscoveryClient    : DiscoveryClient_PRODUCT-SERVICE/DESKTOP-VHUB827:product-service:8083: registering service...
2022-06-30 01:01:06.559  INFO 12104 --- [DiscoveryClient-InstanceInfoReplicator-0] com.netflix.discovery.DiscoveryClient    : DiscoveryClient_PRODUCT-SERVICE/DESKTOP-VHUB827:product-service:8083 - registration status: 204
2022-06-30 01:01:07.025  INFO 12104 --- [SpringApplicationShutdownHook] j.LocalContainerEntityManagerFactoryBean : Closing JPA EntityManagerFactory for persistence unit 'default'
2022-06-30 01:01:07.051  INFO 12104 --- [SpringApplicationShutdownHook] com.zaxxer.hikari.HikariDataSource       : HikariPool-1 - Shutdown initiated...
2022-06-30 01:01:07.074  INFO 12104 --- [SpringApplicationShutdownHook] com.zaxxer.hikari.HikariDataSource       : HikariPool-1 - Shutdown completed.
2022-06-30 01:01:07.078  INFO 12104 --- [SpringApplicationShutdownHook] com.netflix.discovery.DiscoveryClient    : Shutting down DiscoveryClient ...
2022-06-30 01:01:10.085  WARN 12104 --- [DiscoveryClient-1] c.netflix.discovery.TimedSupervisorTask  : task supervisor shutting down, can't accept the task
2022-06-30 01:01:10.088  INFO 12104 --- [SpringApplicationShutdownHook] com.netflix.discovery.DiscoveryClient    : Unregistering ...
2022-06-30 01:01:10.093  INFO 12104 --- [SpringApplicationShutdownHook] com.netflix.discovery.DiscoveryClient    : DiscoveryClient_PRODUCT-SERVICE/DESKTOP-VHUB827:product-service:8083 - deregister  status: 200
2022-06-30 01:01:10.099  INFO 12104 --- [SpringApplicationShutdownHook] com.netflix.discovery.DiscoveryClient    : Completed shut down of DiscoveryClient
2022-06-30 01:01:19.678  INFO 7828 --- [restartedMain] com.example.mock2.Mock2Application       : Starting Mock2Application using Java 1.8.0_111 on DESKTOP-VHUB827 with PID 7828 (C:\Users\DELL\Documents\FsoftTraining\mooc2\bk_java_proshop\01.source\product-service\target\classes started by DELL in C:\Users\DELL\Documents\FsoftTraining\mooc2\bk_java_proshop\01.source\product-service)
2022-06-30 01:01:19.681  INFO 7828 --- [restartedMain] com.example.mock2.Mock2Application       : No active profile set, falling back to 1 default profile: "default"
2022-06-30 01:01:19.808  INFO 7828 --- [restartedMain] .e.DevToolsPropertyDefaultsPostProcessor : Devtools property defaults active! Set 'spring.devtools.add-properties' to 'false' to disable
2022-06-30 01:01:19.809  INFO 7828 --- [restartedMain] .e.DevToolsPropertyDefaultsPostProcessor : For additional web related logging consider setting the 'logging.level.web' property to 'DEBUG'
2022-06-30 01:01:21.596  INFO 7828 --- [restartedMain] .s.d.r.c.RepositoryConfigurationDelegate : Bootstrapping Spring Data JPA repositories in DEFAULT mode.
2022-06-30 01:01:21.919  INFO 7828 --- [restartedMain] .s.d.r.c.RepositoryConfigurationDelegate : Finished Spring Data repository scanning in 305 ms. Found 5 JPA repository interfaces.
2022-06-30 01:01:22.607  INFO 7828 --- [restartedMain] o.s.cloud.context.scope.GenericScope     : BeanFactory id=376ba544-e459-3b36-b86a-ea5e6afe55cc
2022-06-30 01:01:22.982  INFO 7828 --- [restartedMain] trationDelegate$BeanPostProcessorChecker : Bean 'org.springframework.cloud.client.loadbalancer.reactive.LoadBalancerBeanPostProcessorAutoConfiguration' of type [org.springframework.cloud.client.loadbalancer.reactive.LoadBalancerBeanPostProcessorAutoConfiguration] is not eligible for getting processed by all BeanPostProcessors (for example: not eligible for auto-proxying)
2022-06-30 01:01:22.985  INFO 7828 --- [restartedMain] trationDelegate$BeanPostProcessorChecker : Bean 'org.springframework.cloud.client.loadbalancer.reactive.LoadBalancerBeanPostProcessorAutoConfiguration$ReactorDeferringLoadBalancerFilterConfig' of type [org.springframework.cloud.client.loadbalancer.reactive.LoadBalancerBeanPostProcessorAutoConfiguration$ReactorDeferringLoadBalancerFilterConfig] is not eligible for getting processed by all BeanPostProcessors (for example: not eligible for auto-proxying)
2022-06-30 01:01:22.989  INFO 7828 --- [restartedMain] trationDelegate$BeanPostProcessorChecker : Bean 'reactorDeferringLoadBalancerExchangeFilterFunction' of type [org.springframework.cloud.client.loadbalancer.reactive.DeferringLoadBalancerExchangeFilterFunction] is not eligible for getting processed by all BeanPostProcessors (for example: not eligible for auto-proxying)
2022-06-30 01:01:24.438  INFO 7828 --- [restartedMain] o.s.b.w.embedded.tomcat.TomcatWebServer  : Tomcat initialized with port(s): 8083 (http)
2022-06-30 01:01:24.457  INFO 7828 --- [restartedMain] o.apache.catalina.core.StandardService   : Starting service [Tomcat]
2022-06-30 01:01:24.458  INFO 7828 --- [restartedMain] org.apache.catalina.core.StandardEngine  : Starting Servlet engine: [Apache Tomcat/9.0.63]
2022-06-30 01:01:24.744  INFO 7828 --- [restartedMain] o.a.c.c.C.[Tomcat].[localhost].[/]       : Initializing Spring embedded WebApplicationContext
2022-06-30 01:01:24.745  INFO 7828 --- [restartedMain] w.s.c.ServletWebServerApplicationContext : Root WebApplicationContext: initialization completed in 4935 ms
2022-06-30 01:01:25.053  INFO 7828 --- [restartedMain] com.zaxxer.hikari.HikariDataSource       : HikariPool-1 - Starting...
2022-06-30 01:01:26.030  INFO 7828 --- [restartedMain] com.zaxxer.hikari.HikariDataSource       : HikariPool-1 - Start completed.
2022-06-30 01:01:26.120  INFO 7828 --- [restartedMain] o.hibernate.jpa.internal.util.LogHelper  : HHH000204: Processing PersistenceUnitInfo [name: default]
2022-06-30 01:01:26.267  INFO 7828 --- [restartedMain] org.hibernate.Version                    : HHH000412: Hibernate ORM core version 5.6.9.Final
2022-06-30 01:01:26.611  INFO 7828 --- [restartedMain] o.hibernate.annotations.common.Version   : HCANN000001: Hibernate Commons Annotations {5.1.2.Final}
2022-06-30 01:01:26.831  INFO 7828 --- [restartedMain] org.hibernate.dialect.Dialect            : HHH000400: Using dialect: org.hibernate.dialect.MySQL5InnoDBDialect
2022-06-30 01:01:28.092  INFO 7828 --- [restartedMain] o.h.e.t.j.p.i.JtaPlatformInitiator       : HHH000490: Using JtaPlatform implementation: [org.hibernate.engine.transaction.jta.platform.internal.NoJtaPlatform]
2022-06-30 01:01:28.110  INFO 7828 --- [restartedMain] j.LocalContainerEntityManagerFactoryBean : Initialized JPA EntityManagerFactory for persistence unit 'default'
2022-06-30 01:01:29.760  WARN 7828 --- [restartedMain] JpaBaseConfiguration$JpaWebConfiguration : spring.jpa.open-in-view is enabled by default. Therefore, database queries may be performed during view rendering. Explicitly configure spring.jpa.open-in-view to disable this warning
2022-06-30 01:01:29.869  WARN 7828 --- [restartedMain] .s.s.UserDetailsServiceAutoConfiguration : 

Using generated security password: c479d3cc-a3f0-4115-8bc6-7886a7f969af

This generated password is for development use only. Your security configuration must be updated before running your application in production.

2022-06-30 01:01:30.105  INFO 7828 --- [restartedMain] o.s.s.web.DefaultSecurityFilterChain     : Will secure any request with [org.springframework.security.web.session.DisableEncodeUrlFilter@74666b16, org.springframework.security.web.context.request.async.WebAsyncManagerIntegrationFilter@56f4cb2d, org.springframework.security.web.context.SecurityContextPersistenceFilter@455ec727, org.springframework.security.web.header.HeaderWriterFilter@445c5c83, org.springframework.security.web.authentication.logout.LogoutFilter@23089ee3, com.example.mock2.filter.CustomAuthorizationFilter@2822cd74, org.springframework.security.web.savedrequest.RequestCacheAwareFilter@46538974, org.springframework.security.web.servletapi.SecurityContextHolderAwareRequestFilter@c74f0ba, org.springframework.security.web.authentication.AnonymousAuthenticationFilter@1cd852b7, org.springframework.security.web.session.SessionManagementFilter@1248da4c, org.springframework.security.web.access.ExceptionTranslationFilter@61e8e84c, org.springframework.security.web.access.intercept.FilterSecurityInterceptor@6056ac0d]
2022-06-30 01:01:30.802  WARN 7828 --- [restartedMain] ion$DefaultTemplateResolverConfiguration : Cannot find template location: classpath:/templates/ (please add some templates or check your Thymeleaf configuration)
2022-06-30 01:01:31.212  WARN 7828 --- [restartedMain] o.s.b.d.a.OptionalLiveReloadServer       : Unable to start LiveReload server
2022-06-30 01:01:32.066  INFO 7828 --- [restartedMain] DiscoveryClientOptionalArgsConfiguration : Eureka HTTP Client uses RestTemplate.
2022-06-30 01:01:33.746  WARN 7828 --- [restartedMain] iguration$LoadBalancerCaffeineWarnLogger : Spring Cloud LoadBalancer is currently working with the default cache. While this cache implementation is useful for development and tests, it's recommended to use Caffeine cache in production.You can switch to using Caffeine cache, by adding it and org.springframework.cache.caffeine.CaffeineCacheManager to the classpath.
2022-06-30 01:01:33.786  INFO 7828 --- [restartedMain] o.s.c.n.eureka.InstanceInfoFactory       : Setting initial instance status as: STARTING
2022-06-30 01:01:33.962  INFO 7828 --- [restartedMain] com.netflix.discovery.DiscoveryClient    : Initializing Eureka in region us-east-1
2022-06-30 01:01:33.973  INFO 7828 --- [restartedMain] c.n.d.s.r.aws.ConfigClusterResolver      : Resolving eureka endpoints via configuration
2022-06-30 01:01:34.041  INFO 7828 --- [restartedMain] com.netflix.discovery.DiscoveryClient    : Disable delta property : false
2022-06-30 01:01:34.042  INFO 7828 --- [restartedMain] com.netflix.discovery.DiscoveryClient    : Single vip registry refresh property : null
2022-06-30 01:01:34.042  INFO 7828 --- [restartedMain] com.netflix.discovery.DiscoveryClient    : Force full registry fetch : false
2022-06-30 01:01:34.042  INFO 7828 --- [restartedMain] com.netflix.discovery.DiscoveryClient    : Application is null : false
2022-06-30 01:01:34.042  INFO 7828 --- [restartedMain] com.netflix.discovery.DiscoveryClient    : Registered Applications size is zero : true
2022-06-30 01:01:34.043  INFO 7828 --- [restartedMain] com.netflix.discovery.DiscoveryClient    : Application version is -1: true
2022-06-30 01:01:34.043  INFO 7828 --- [restartedMain] com.netflix.discovery.DiscoveryClient    : Getting all instance registry info from the eureka server
2022-06-30 01:01:34.803  INFO 7828 --- [restartedMain] com.netflix.discovery.DiscoveryClient    : The response status is 200
2022-06-30 01:01:34.808  INFO 7828 --- [restartedMain] com.netflix.discovery.DiscoveryClient    : Starting heartbeat executor: renew interval is: 30
2022-06-30 01:01:34.814  INFO 7828 --- [restartedMain] c.n.discovery.InstanceInfoReplicator     : InstanceInfoReplicator onDemand update allowed rate per min is 4
2022-06-30 01:01:34.823  INFO 7828 --- [restartedMain] com.netflix.discovery.DiscoveryClient    : Discovery Client initialized at timestamp 1656525694821 with initial instances count: 3
2022-06-30 01:01:34.829  INFO 7828 --- [restartedMain] o.s.c.n.e.s.EurekaServiceRegistry        : Registering application PRODUCT-SERVICE with eureka with status UP
2022-06-30 01:01:34.829  INFO 7828 --- [restartedMain] com.netflix.discovery.DiscoveryClient    : Saw local status change event StatusChangeEvent [timestamp=1656525694829, current=UP, previous=STARTING]
2022-06-30 01:01:34.834  INFO 7828 --- [DiscoveryClient-InstanceInfoReplicator-0] com.netflix.discovery.DiscoveryClient    : DiscoveryClient_PRODUCT-SERVICE/DESKTOP-VHUB827:product-service:8083: registering service...
2022-06-30 01:01:34.891  INFO 7828 --- [restartedMain] o.s.b.w.embedded.tomcat.TomcatWebServer  : Tomcat started on port(s): 8083 (http) with context path ''
2022-06-30 01:01:34.893  INFO 7828 --- [restartedMain] .s.c.n.e.s.EurekaAutoServiceRegistration : Updating port to 8083
2022-06-30 01:01:34.960  INFO 7828 --- [DiscoveryClient-InstanceInfoReplicator-0] com.netflix.discovery.DiscoveryClient    : DiscoveryClient_PRODUCT-SERVICE/DESKTOP-VHUB827:product-service:8083 - registration status: 204
2022-06-30 01:01:36.364  INFO 7828 --- [restartedMain] com.example.mock2.Mock2Application       : Started Mock2Application in 18.332 seconds (JVM running for 19.917)
2022-06-30 01:01:59.916  INFO 7828 --- [http-nio-8083-exec-2] o.a.c.c.C.[Tomcat].[localhost].[/]       : Initializing Spring DispatcherServlet 'dispatcherServlet'
2022-06-30 01:01:59.917  INFO 7828 --- [http-nio-8083-exec-2] o.s.web.servlet.DispatcherServlet        : Initializing Servlet 'dispatcherServlet'
2022-06-30 01:01:59.921  INFO 7828 --- [http-nio-8083-exec-2] o.s.web.servlet.DispatcherServlet        : Completed initialization in 3 ms
2022-06-30 01:02:00.435  INFO 7828 --- [http-nio-8083-exec-2] c.e.m.C.ProductRatingController          : user add a product rating with info:com.example.mock2.DTO.ProductRatingDTO@2858030e
2022-06-30 01:02:00.963  INFO 7828 --- [http-nio-8083-exec-2] c.e.m.C.ProductRatingController          : user add a product rating with info:com.example.mock2.DTO.ProductRatingDTO@61dfcaa8
2022-06-30 01:02:01.013 ERROR 7828 --- [http-nio-8083-exec-2] o.a.c.c.C.[.[.[/].[dispatcherServlet]    : Servlet.service() for servlet [dispatcherServlet] in context with path [] threw exception [Request processing failed; nested exception is org.springframework.web.client.HttpClientErrorException$BadRequest: 400 : "{"status":400,"message":"Invalid input format. Please check again!"}"] with root cause

org.springframework.web.client.HttpClientErrorException$BadRequest: 400 : "{"status":400,"message":"Invalid input format. Please check again!"}"
	at org.springframework.web.client.HttpClientErrorException.create(HttpClientErrorException.java:101) ~[spring-web-5.3.20.jar:5.3.20]
	at org.springframework.web.client.DefaultResponseErrorHandler.handleError(DefaultResponseErrorHandler.java:168) ~[spring-web-5.3.20.jar:5.3.20]
	at org.springframework.web.client.DefaultResponseErrorHandler.handleError(DefaultResponseErrorHandler.java:122) ~[spring-web-5.3.20.jar:5.3.20]
	at org.springframework.web.client.ResponseErrorHandler.handleError(ResponseErrorHandler.java:63) ~[spring-web-5.3.20.jar:5.3.20]
	at org.springframework.web.client.RestTemplate.handleResponse(RestTemplate.java:819) ~[spring-web-5.3.20.jar:5.3.20]
	at org.springframework.web.client.RestTemplate.doExecute(RestTemplate.java:777) ~[spring-web-5.3.20.jar:5.3.20]
	at org.springframework.web.client.RestTemplate.execute(RestTemplate.java:711) ~[spring-web-5.3.20.jar:5.3.20]
	at org.springframework.web.client.RestTemplate.exchange(RestTemplate.java:602) ~[spring-web-5.3.20.jar:5.3.20]
	at com.example.mock2.Service.ProductRatingServiceImpl.addAProductRating(ProductRatingServiceImpl.java:53) ~[classes/:na]
	at com.example.mock2.Service.ProductRatingServiceImpl$$FastClassBySpringCGLIB$$7583ff19.invoke(<generated>) ~[classes/:na]
	at org.springframework.cglib.proxy.MethodProxy.invoke(MethodProxy.java:218) ~[spring-core-5.3.20.jar:5.3.20]
	at org.springframework.aop.framework.CglibAopProxy$CglibMethodInvocation.invokeJoinpoint(CglibAopProxy.java:793) ~[spring-aop-5.3.20.jar:5.3.20]
	at org.springframework.aop.framework.ReflectiveMethodInvocation.proceed(ReflectiveMethodInvocation.java:163) ~[spring-aop-5.3.20.jar:5.3.20]
	at org.springframework.aop.framework.CglibAopProxy$CglibMethodInvocation.proceed(CglibAopProxy.java:763) ~[spring-aop-5.3.20.jar:5.3.20]
	at org.springframework.transaction.interceptor.TransactionInterceptor$1.proceedWithInvocation(TransactionInterceptor.java:123) ~[spring-tx-5.3.20.jar:5.3.20]
	at org.springframework.transaction.interceptor.TransactionAspectSupport.invokeWithinTransaction(TransactionAspectSupport.java:388) ~[spring-tx-5.3.20.jar:5.3.20]
	at org.springframework.transaction.interceptor.TransactionInterceptor.invoke(TransactionInterceptor.java:119) ~[spring-tx-5.3.20.jar:5.3.20]
	at org.springframework.aop.framework.ReflectiveMethodInvocation.proceed(ReflectiveMethodInvocation.java:186) ~[spring-aop-5.3.20.jar:5.3.20]
	at org.springframework.aop.framework.CglibAopProxy$CglibMethodInvocation.proceed(CglibAopProxy.java:763) ~[spring-aop-5.3.20.jar:5.3.20]
	at org.springframework.aop.framework.CglibAopProxy$DynamicAdvisedInterceptor.intercept(CglibAopProxy.java:708) ~[spring-aop-5.3.20.jar:5.3.20]
	at com.example.mock2.Service.ProductRatingServiceImpl$$EnhancerBySpringCGLIB$$5a298152.addAProductRating(<generated>) ~[classes/:na]
	at com.example.mock2.Controller.ProductRatingController.addAProductRating(ProductRatingController.java:82) ~[classes/:na]
	at com.example.mock2.Controller.ProductRatingController$$FastClassBySpringCGLIB$$96e9f06d.invoke(<generated>) ~[classes/:na]
	at org.springframework.cglib.proxy.MethodProxy.invoke(MethodProxy.java:218) ~[spring-core-5.3.20.jar:5.3.20]
	at org.springframework.aop.framework.CglibAopProxy$CglibMethodInvocation.invokeJoinpoint(CglibAopProxy.java:793) ~[spring-aop-5.3.20.jar:5.3.20]
	at org.springframework.aop.framework.ReflectiveMethodInvocation.proceed(ReflectiveMethodInvocation.java:163) ~[spring-aop-5.3.20.jar:5.3.20]
	at org.springframework.aop.framework.CglibAopProxy$CglibMethodInvocation.proceed(CglibAopProxy.java:763) ~[spring-aop-5.3.20.jar:5.3.20]
	at org.springframework.security.access.intercept.aopalliance.MethodSecurityInterceptor.invoke(MethodSecurityInterceptor.java:61) ~[spring-security-core-5.7.1.jar:5.7.1]
	at org.springframework.aop.framework.ReflectiveMethodInvocation.proceed(ReflectiveMethodInvocation.java:186) ~[spring-aop-5.3.20.jar:5.3.20]
	at org.springframework.aop.framework.CglibAopProxy$CglibMethodInvocation.proceed(CglibAopProxy.java:763) ~[spring-aop-5.3.20.jar:5.3.20]
	at org.springframework.aop.framework.CglibAopProxy$DynamicAdvisedInterceptor.intercept(CglibAopProxy.java:708) ~[spring-aop-5.3.20.jar:5.3.20]
	at com.example.mock2.Controller.ProductRatingController$$EnhancerBySpringCGLIB$$43aeeb8c.addAProductRating(<generated>) ~[classes/:na]
	at sun.reflect.NativeMethodAccessorImpl.invoke0(Native Method) ~[na:1.8.0_111]
	at sun.reflect.NativeMethodAccessorImpl.invoke(NativeMethodAccessorImpl.java:62) ~[na:1.8.0_111]
	at sun.reflect.DelegatingMethodAccessorImpl.invoke(DelegatingMethodAccessorImpl.java:43) ~[na:1.8.0_111]
	at java.lang.reflect.Method.invoke(Method.java:498) ~[na:1.8.0_111]
	at org.springframework.web.method.support.InvocableHandlerMethod.doInvoke(InvocableHandlerMethod.java:205) ~[spring-web-5.3.20.jar:5.3.20]
	at org.springframework.web.method.support.InvocableHandlerMethod.invokeForRequest(InvocableHandlerMethod.java:150) ~[spring-web-5.3.20.jar:5.3.20]
	at org.springframework.web.servlet.mvc.method.annotation.ServletInvocableHandlerMethod.invokeAndHandle(ServletInvocableHandlerMethod.java:117) ~[spring-webmvc-5.3.20.jar:5.3.20]
	at org.springframework.web.servlet.mvc.method.annotation.RequestMappingHandlerAdapter.invokeHandlerMethod(RequestMappingHandlerAdapter.java:895) ~[spring-webmvc-5.3.20.jar:5.3.20]
	at org.springframework.web.servlet.mvc.method.annotation.RequestMappingHandlerAdapter.handleInternal(RequestMappingHandlerAdapter.java:808) ~[spring-webmvc-5.3.20.jar:5.3.20]
	at org.springframework.web.servlet.mvc.method.AbstractHandlerMethodAdapter.handle(AbstractHandlerMethodAdapter.java:87) ~[spring-webmvc-5.3.20.jar:5.3.20]
	at org.springframework.web.servlet.DispatcherServlet.doDispatch(DispatcherServlet.java:1067) ~[spring-webmvc-5.3.20.jar:5.3.20]
	at org.springframework.web.servlet.DispatcherServlet.doService(DispatcherServlet.java:963) ~[spring-webmvc-5.3.20.jar:5.3.20]
	at org.springframework.web.servlet.FrameworkServlet.processRequest(FrameworkServlet.java:1006) ~[spring-webmvc-5.3.20.jar:5.3.20]
	at org.springframework.web.servlet.FrameworkServlet.doPost(FrameworkServlet.java:909) ~[spring-webmvc-5.3.20.jar:5.3.20]
	at javax.servlet.http.HttpServlet.service(HttpServlet.java:681) ~[tomcat-embed-core-9.0.63.jar:4.0.FR]
	at org.springframework.web.servlet.FrameworkServlet.service(FrameworkServlet.java:883) ~[spring-webmvc-5.3.20.jar:5.3.20]
	at javax.servlet.http.HttpServlet.service(HttpServlet.java:764) ~[tomcat-embed-core-9.0.63.jar:4.0.FR]
	at org.apache.catalina.core.ApplicationFilterChain.internalDoFilter(ApplicationFilterChain.java:227) ~[tomcat-embed-core-9.0.63.jar:9.0.63]
	at org.apache.catalina.core.ApplicationFilterChain.doFilter(ApplicationFilterChain.java:162) ~[tomcat-embed-core-9.0.63.jar:9.0.63]
	at org.springframework.security.web.FilterChainProxy$VirtualFilterChain.doFilter(FilterChainProxy.java:327) ~[spring-security-web-5.7.1.jar:5.7.1]
	at com.example.mock2.filter.CustomAuthorizationFilter.doFilterInternal(CustomAuthorizationFilter.java:70) ~[classes/:na]
	at org.springframework.web.filter.OncePerRequestFilter.doFilter(OncePerRequestFilter.java:117) ~[spring-web-5.3.20.jar:5.3.20]
	at org.springframework.security.web.FilterChainProxy$VirtualFilterChain.doFilter(FilterChainProxy.java:336) ~[spring-security-web-5.7.1.jar:5.7.1]
	at org.springframework.security.web.authentication.logout.LogoutFilter.doFilter(LogoutFilter.java:103) ~[spring-security-web-5.7.1.jar:5.7.1]
	at org.springframework.security.web.authentication.logout.LogoutFilter.doFilter(LogoutFilter.java:89) ~[spring-security-web-5.7.1.jar:5.7.1]
	at org.springframework.security.web.FilterChainProxy$VirtualFilterChain.doFilter(FilterChainProxy.java:336) ~[spring-security-web-5.7.1.jar:5.7.1]
	at org.springframework.security.web.header.HeaderWriterFilter.doHeadersAfter(HeaderWriterFilter.java:90) ~[spring-security-web-5.7.1.jar:5.7.1]
	at org.springframework.security.web.header.HeaderWriterFilter.doFilterInternal(HeaderWriterFilter.java:75) ~[spring-security-web-5.7.1.jar:5.7.1]
	at org.springframework.web.filter.OncePerRequestFilter.doFilter(OncePerRequestFilter.java:117) ~[spring-web-5.3.20.jar:5.3.20]
	at org.springframework.security.web.FilterChainProxy$VirtualFilterChain.doFilter(FilterChainProxy.java:336) ~[spring-security-web-5.7.1.jar:5.7.1]
	at org.springframework.security.web.context.SecurityContextPersistenceFilter.doFilter(SecurityContextPersistenceFilter.java:112) ~[spring-security-web-5.7.1.jar:5.7.1]
	at org.springframework.security.web.context.SecurityContextPersistenceFilter.doFilter(SecurityContextPersistenceFilter.java:82) ~[spring-security-web-5.7.1.jar:5.7.1]
	at org.springframework.security.web.FilterChainProxy$VirtualFilterChain.doFilter(FilterChainProxy.java:336) ~[spring-security-web-5.7.1.jar:5.7.1]
	at org.springframework.security.web.context.request.async.WebAsyncManagerIntegrationFilter.doFilterInternal(WebAsyncManagerIntegrationFilter.java:55) ~[spring-security-web-5.7.1.jar:5.7.1]
	at org.springframework.web.filter.OncePerRequestFilter.doFilter(OncePerRequestFilter.java:117) ~[spring-web-5.3.20.jar:5.3.20]
	at org.springframework.security.web.FilterChainProxy$VirtualFilterChain.doFilter(FilterChainProxy.java:336) ~[spring-security-web-5.7.1.jar:5.7.1]
	at org.springframework.security.web.session.DisableEncodeUrlFilter.doFilterInternal(DisableEncodeUrlFilter.java:42) ~[spring-security-web-5.7.1.jar:5.7.1]
	at org.springframework.web.filter.OncePerRequestFilter.doFilter(OncePerRequestFilter.java:117) ~[spring-web-5.3.20.jar:5.3.20]
	at org.springframework.security.web.FilterChainProxy$VirtualFilterChain.doFilter(FilterChainProxy.java:336) ~[spring-security-web-5.7.1.jar:5.7.1]
	at org.springframework.security.web.FilterChainProxy.doFilterInternal(FilterChainProxy.java:211) ~[spring-security-web-5.7.1.jar:5.7.1]
	at org.springframework.security.web.FilterChainProxy.doFilter(FilterChainProxy.java:183) ~[spring-security-web-5.7.1.jar:5.7.1]
	at org.springframework.web.filter.DelegatingFilterProxy.invokeDelegate(DelegatingFilterProxy.java:354) ~[spring-web-5.3.20.jar:5.3.20]
	at org.springframework.web.filter.DelegatingFilterProxy.doFilter(DelegatingFilterProxy.java:267) ~[spring-web-5.3.20.jar:5.3.20]
	at org.apache.catalina.core.ApplicationFilterChain.internalDoFilter(ApplicationFilterChain.java:189) ~[tomcat-embed-core-9.0.63.jar:9.0.63]
	at org.apache.catalina.core.ApplicationFilterChain.doFilter(ApplicationFilterChain.java:162) ~[tomcat-embed-core-9.0.63.jar:9.0.63]
	at org.springframework.web.filter.RequestContextFilter.doFilterInternal(RequestContextFilter.java:100) ~[spring-web-5.3.20.jar:5.3.20]
	at org.springframework.web.filter.OncePerRequestFilter.doFilter(OncePerRequestFilter.java:117) ~[spring-web-5.3.20.jar:5.3.20]
	at org.apache.catalina.core.ApplicationFilterChain.internalDoFilter(ApplicationFilterChain.java:189) ~[tomcat-embed-core-9.0.63.jar:9.0.63]
	at org.apache.catalina.core.ApplicationFilterChain.doFilter(ApplicationFilterChain.java:162) ~[tomcat-embed-core-9.0.63.jar:9.0.63]
	at org.springframework.web.filter.FormContentFilter.doFilterInternal(FormContentFilter.java:93) ~[spring-web-5.3.20.jar:5.3.20]
	at org.springframework.web.filter.OncePerRequestFilter.doFilter(OncePerRequestFilter.java:117) ~[spring-web-5.3.20.jar:5.3.20]
	at org.apache.catalina.core.ApplicationFilterChain.internalDoFilter(ApplicationFilterChain.java:189) ~[tomcat-embed-core-9.0.63.jar:9.0.63]
	at org.apache.catalina.core.ApplicationFilterChain.doFilter(ApplicationFilterChain.java:162) ~[tomcat-embed-core-9.0.63.jar:9.0.63]
	at org.springframework.web.filter.CharacterEncodingFilter.doFilterInternal(CharacterEncodingFilter.java:201) ~[spring-web-5.3.20.jar:5.3.20]
	at org.springframework.web.filter.OncePerRequestFilter.doFilter(OncePerRequestFilter.java:117) ~[spring-web-5.3.20.jar:5.3.20]
	at org.apache.catalina.core.ApplicationFilterChain.internalDoFilter(ApplicationFilterChain.java:189) ~[tomcat-embed-core-9.0.63.jar:9.0.63]
	at org.apache.catalina.core.ApplicationFilterChain.doFilter(ApplicationFilterChain.java:162) ~[tomcat-embed-core-9.0.63.jar:9.0.63]
	at org.apache.catalina.core.StandardWrapperValve.invoke(StandardWrapperValve.java:197) ~[tomcat-embed-core-9.0.63.jar:9.0.63]
	at org.apache.catalina.core.StandardContextValve.invoke(StandardContextValve.java:97) [tomcat-embed-core-9.0.63.jar:9.0.63]
	at org.apache.catalina.authenticator.AuthenticatorBase.invoke(AuthenticatorBase.java:541) [tomcat-embed-core-9.0.63.jar:9.0.63]
	at org.apache.catalina.core.StandardHostValve.invoke(StandardHostValve.java:135) [tomcat-embed-core-9.0.63.jar:9.0.63]
	at org.apache.catalina.valves.ErrorReportValve.invoke(ErrorReportValve.java:92) [tomcat-embed-core-9.0.63.jar:9.0.63]
	at org.apache.catalina.core.StandardEngineValve.invoke(StandardEngineValve.java:78) [tomcat-embed-core-9.0.63.jar:9.0.63]
	at org.apache.catalina.connector.CoyoteAdapter.service(CoyoteAdapter.java:360) [tomcat-embed-core-9.0.63.jar:9.0.63]
	at org.apache.coyote.http11.Http11Processor.service(Http11Processor.java:399) [tomcat-embed-core-9.0.63.jar:9.0.63]
	at org.apache.coyote.AbstractProcessorLight.process(AbstractProcessorLight.java:65) [tomcat-embed-core-9.0.63.jar:9.0.63]
	at org.apache.coyote.AbstractProtocol$ConnectionHandler.process(AbstractProtocol.java:890) [tomcat-embed-core-9.0.63.jar:9.0.63]
	at org.apache.tomcat.util.net.NioEndpoint$SocketProcessor.doRun(NioEndpoint.java:1743) [tomcat-embed-core-9.0.63.jar:9.0.63]
	at org.apache.tomcat.util.net.SocketProcessorBase.run(SocketProcessorBase.java:49) [tomcat-embed-core-9.0.63.jar:9.0.63]
	at org.apache.tomcat.util.threads.ThreadPoolExecutor.runWorker(ThreadPoolExecutor.java:1191) [tomcat-embed-core-9.0.63.jar:9.0.63]
	at org.apache.tomcat.util.threads.ThreadPoolExecutor$Worker.run(ThreadPoolExecutor.java:659) [tomcat-embed-core-9.0.63.jar:9.0.63]
	at org.apache.tomcat.util.threads.TaskThread$WrappingRunnable.run(TaskThread.java:61) [tomcat-embed-core-9.0.63.jar:9.0.63]
	at java.lang.Thread.run(Thread.java:745) [na:1.8.0_111]

2022-06-30 01:03:37.932  INFO 7828 --- [SpringApplicationShutdownHook] o.s.c.n.e.s.EurekaServiceRegistry        : Unregistering application PRODUCT-SERVICE with eureka with status DOWN
2022-06-30 01:03:37.932  INFO 7828 --- [SpringApplicationShutdownHook] com.netflix.discovery.DiscoveryClient    : Saw local status change event StatusChangeEvent [timestamp=1656525817932, current=DOWN, previous=UP]
2022-06-30 01:03:37.933  INFO 7828 --- [DiscoveryClient-InstanceInfoReplicator-0] com.netflix.discovery.DiscoveryClient    : DiscoveryClient_PRODUCT-SERVICE/DESKTOP-VHUB827:product-service:8083: registering service...
2022-06-30 01:03:37.955  INFO 7828 --- [DiscoveryClient-InstanceInfoReplicator-0] com.netflix.discovery.DiscoveryClient    : DiscoveryClient_PRODUCT-SERVICE/DESKTOP-VHUB827:product-service:8083 - registration status: 204
2022-06-30 01:03:38.346  INFO 7828 --- [SpringApplicationShutdownHook] j.LocalContainerEntityManagerFactoryBean : Closing JPA EntityManagerFactory for persistence unit 'default'
2022-06-30 01:03:38.354  INFO 7828 --- [SpringApplicationShutdownHook] com.zaxxer.hikari.HikariDataSource       : HikariPool-1 - Shutdown initiated...
2022-06-30 01:03:38.371  INFO 7828 --- [SpringApplicationShutdownHook] com.zaxxer.hikari.HikariDataSource       : HikariPool-1 - Shutdown completed.
2022-06-30 01:03:38.374  INFO 7828 --- [SpringApplicationShutdownHook] com.netflix.discovery.DiscoveryClient    : Shutting down DiscoveryClient ...
2022-06-30 01:03:41.383  INFO 7828 --- [SpringApplicationShutdownHook] com.netflix.discovery.DiscoveryClient    : Unregistering ...
2022-06-30 01:03:41.398  INFO 7828 --- [SpringApplicationShutdownHook] com.netflix.discovery.DiscoveryClient    : DiscoveryClient_PRODUCT-SERVICE/DESKTOP-VHUB827:product-service:8083 - deregister  status: 200
2022-06-30 01:03:41.408  INFO 7828 --- [SpringApplicationShutdownHook] com.netflix.discovery.DiscoveryClient    : Completed shut down of DiscoveryClient
2022-06-30 01:03:53.256  INFO 16792 --- [restartedMain] com.example.mock2.Mock2Application       : Starting Mock2Application using Java 1.8.0_111 on DESKTOP-VHUB827 with PID 16792 (C:\Users\DELL\Documents\FsoftTraining\mooc2\bk_java_proshop\01.source\product-service\target\classes started by DELL in C:\Users\DELL\Documents\FsoftTraining\mooc2\bk_java_proshop\01.source\product-service)
2022-06-30 01:03:53.261  INFO 16792 --- [restartedMain] com.example.mock2.Mock2Application       : No active profile set, falling back to 1 default profile: "default"
2022-06-30 01:03:53.462  INFO 16792 --- [restartedMain] .e.DevToolsPropertyDefaultsPostProcessor : Devtools property defaults active! Set 'spring.devtools.add-properties' to 'false' to disable
2022-06-30 01:03:53.464  INFO 16792 --- [restartedMain] .e.DevToolsPropertyDefaultsPostProcessor : For additional web related logging consider setting the 'logging.level.web' property to 'DEBUG'
2022-06-30 01:03:55.908  INFO 16792 --- [restartedMain] .s.d.r.c.RepositoryConfigurationDelegate : Bootstrapping Spring Data JPA repositories in DEFAULT mode.
2022-06-30 01:03:56.319  INFO 16792 --- [restartedMain] .s.d.r.c.RepositoryConfigurationDelegate : Finished Spring Data repository scanning in 392 ms. Found 5 JPA repository interfaces.
2022-06-30 01:03:57.138  INFO 16792 --- [restartedMain] o.s.cloud.context.scope.GenericScope     : BeanFactory id=b4adedc9-3844-3124-a546-f2492e3bdc32
2022-06-30 01:03:57.636  INFO 16792 --- [restartedMain] trationDelegate$BeanPostProcessorChecker : Bean 'org.springframework.cloud.client.loadbalancer.reactive.LoadBalancerBeanPostProcessorAutoConfiguration' of type [org.springframework.cloud.client.loadbalancer.reactive.LoadBalancerBeanPostProcessorAutoConfiguration] is not eligible for getting processed by all BeanPostProcessors (for example: not eligible for auto-proxying)
2022-06-30 01:03:57.639  INFO 16792 --- [restartedMain] trationDelegate$BeanPostProcessorChecker : Bean 'org.springframework.cloud.client.loadbalancer.reactive.LoadBalancerBeanPostProcessorAutoConfiguration$ReactorDeferringLoadBalancerFilterConfig' of type [org.springframework.cloud.client.loadbalancer.reactive.LoadBalancerBeanPostProcessorAutoConfiguration$ReactorDeferringLoadBalancerFilterConfig] is not eligible for getting processed by all BeanPostProcessors (for example: not eligible for auto-proxying)
2022-06-30 01:03:57.643  INFO 16792 --- [restartedMain] trationDelegate$BeanPostProcessorChecker : Bean 'reactorDeferringLoadBalancerExchangeFilterFunction' of type [org.springframework.cloud.client.loadbalancer.reactive.DeferringLoadBalancerExchangeFilterFunction] is not eligible for getting processed by all BeanPostProcessors (for example: not eligible for auto-proxying)
2022-06-30 01:03:59.303  INFO 16792 --- [restartedMain] o.s.b.w.embedded.tomcat.TomcatWebServer  : Tomcat initialized with port(s): 8083 (http)
2022-06-30 01:03:59.329  INFO 16792 --- [restartedMain] o.apache.catalina.core.StandardService   : Starting service [Tomcat]
2022-06-30 01:03:59.330  INFO 16792 --- [restartedMain] org.apache.catalina.core.StandardEngine  : Starting Servlet engine: [Apache Tomcat/9.0.63]
2022-06-30 01:03:59.659  INFO 16792 --- [restartedMain] o.a.c.c.C.[Tomcat].[localhost].[/]       : Initializing Spring embedded WebApplicationContext
2022-06-30 01:03:59.660  INFO 16792 --- [restartedMain] w.s.c.ServletWebServerApplicationContext : Root WebApplicationContext: initialization completed in 6191 ms
2022-06-30 01:04:00.037  INFO 16792 --- [restartedMain] com.zaxxer.hikari.HikariDataSource       : HikariPool-1 - Starting...
2022-06-30 01:04:01.148  INFO 16792 --- [restartedMain] com.zaxxer.hikari.HikariDataSource       : HikariPool-1 - Start completed.
2022-06-30 01:04:01.244  INFO 16792 --- [restartedMain] o.hibernate.jpa.internal.util.LogHelper  : HHH000204: Processing PersistenceUnitInfo [name: default]
2022-06-30 01:04:01.433  INFO 16792 --- [restartedMain] org.hibernate.Version                    : HHH000412: Hibernate ORM core version 5.6.9.Final
2022-06-30 01:04:01.858  INFO 16792 --- [restartedMain] o.hibernate.annotations.common.Version   : HCANN000001: Hibernate Commons Annotations {5.1.2.Final}
2022-06-30 01:04:02.055  INFO 16792 --- [restartedMain] org.hibernate.dialect.Dialect            : HHH000400: Using dialect: org.hibernate.dialect.MySQL5InnoDBDialect
2022-06-30 01:04:03.247  INFO 16792 --- [restartedMain] o.h.e.t.j.p.i.JtaPlatformInitiator       : HHH000490: Using JtaPlatform implementation: [org.hibernate.engine.transaction.jta.platform.internal.NoJtaPlatform]
2022-06-30 01:04:03.264  INFO 16792 --- [restartedMain] j.LocalContainerEntityManagerFactoryBean : Initialized JPA EntityManagerFactory for persistence unit 'default'
2022-06-30 01:04:04.878  WARN 16792 --- [restartedMain] JpaBaseConfiguration$JpaWebConfiguration : spring.jpa.open-in-view is enabled by default. Therefore, database queries may be performed during view rendering. Explicitly configure spring.jpa.open-in-view to disable this warning
2022-06-30 01:04:04.977  WARN 16792 --- [restartedMain] .s.s.UserDetailsServiceAutoConfiguration : 

Using generated security password: 17b0104e-f9a7-46e4-9aae-9d8d47ed75e1

This generated password is for development use only. Your security configuration must be updated before running your application in production.

2022-06-30 01:04:05.207  INFO 16792 --- [restartedMain] o.s.s.web.DefaultSecurityFilterChain     : Will secure any request with [org.springframework.security.web.session.DisableEncodeUrlFilter@31f727ce, org.springframework.security.web.context.request.async.WebAsyncManagerIntegrationFilter@49dcb605, org.springframework.security.web.context.SecurityContextPersistenceFilter@3216d1ca, org.springframework.security.web.header.HeaderWriterFilter@1b6ffe02, org.springframework.security.web.authentication.logout.LogoutFilter@2bdb1de0, com.example.mock2.filter.CustomAuthorizationFilter@6b0e9d08, org.springframework.security.web.savedrequest.RequestCacheAwareFilter@6af1280, org.springframework.security.web.servletapi.SecurityContextHolderAwareRequestFilter@70e166b9, org.springframework.security.web.authentication.AnonymousAuthenticationFilter@f82223, org.springframework.security.web.session.SessionManagementFilter@25406b02, org.springframework.security.web.access.ExceptionTranslationFilter@31d317d5, org.springframework.security.web.access.intercept.FilterSecurityInterceptor@e1e1495]
2022-06-30 01:04:05.887  WARN 16792 --- [restartedMain] ion$DefaultTemplateResolverConfiguration : Cannot find template location: classpath:/templates/ (please add some templates or check your Thymeleaf configuration)
2022-06-30 01:04:06.270  WARN 16792 --- [restartedMain] o.s.b.d.a.OptionalLiveReloadServer       : Unable to start LiveReload server
2022-06-30 01:04:07.134  INFO 16792 --- [restartedMain] DiscoveryClientOptionalArgsConfiguration : Eureka HTTP Client uses RestTemplate.
2022-06-30 01:04:09.058  WARN 16792 --- [restartedMain] iguration$LoadBalancerCaffeineWarnLogger : Spring Cloud LoadBalancer is currently working with the default cache. While this cache implementation is useful for development and tests, it's recommended to use Caffeine cache in production.You can switch to using Caffeine cache, by adding it and org.springframework.cache.caffeine.CaffeineCacheManager to the classpath.
2022-06-30 01:04:09.108  INFO 16792 --- [restartedMain] o.s.c.n.eureka.InstanceInfoFactory       : Setting initial instance status as: STARTING
2022-06-30 01:04:09.263  INFO 16792 --- [restartedMain] com.netflix.discovery.DiscoveryClient    : Initializing Eureka in region us-east-1
2022-06-30 01:04:09.277  INFO 16792 --- [restartedMain] c.n.d.s.r.aws.ConfigClusterResolver      : Resolving eureka endpoints via configuration
2022-06-30 01:04:09.331  INFO 16792 --- [restartedMain] com.netflix.discovery.DiscoveryClient    : Disable delta property : false
2022-06-30 01:04:09.332  INFO 16792 --- [restartedMain] com.netflix.discovery.DiscoveryClient    : Single vip registry refresh property : null
2022-06-30 01:04:09.332  INFO 16792 --- [restartedMain] com.netflix.discovery.DiscoveryClient    : Force full registry fetch : false
2022-06-30 01:04:09.333  INFO 16792 --- [restartedMain] com.netflix.discovery.DiscoveryClient    : Application is null : false
2022-06-30 01:04:09.334  INFO 16792 --- [restartedMain] com.netflix.discovery.DiscoveryClient    : Registered Applications size is zero : true
2022-06-30 01:04:09.334  INFO 16792 --- [restartedMain] com.netflix.discovery.DiscoveryClient    : Application version is -1: true
2022-06-30 01:04:09.334  INFO 16792 --- [restartedMain] com.netflix.discovery.DiscoveryClient    : Getting all instance registry info from the eureka server
2022-06-30 01:04:09.983  INFO 16792 --- [restartedMain] com.netflix.discovery.DiscoveryClient    : The response status is 200
2022-06-30 01:04:09.986  INFO 16792 --- [restartedMain] com.netflix.discovery.DiscoveryClient    : Starting heartbeat executor: renew interval is: 30
2022-06-30 01:04:10.071  INFO 16792 --- [restartedMain] c.n.discovery.InstanceInfoReplicator     : InstanceInfoReplicator onDemand update allowed rate per min is 4
2022-06-30 01:04:10.078  INFO 16792 --- [restartedMain] com.netflix.discovery.DiscoveryClient    : Discovery Client initialized at timestamp 1656525850076 with initial instances count: 2
2022-06-30 01:04:10.082  INFO 16792 --- [restartedMain] o.s.c.n.e.s.EurekaServiceRegistry        : Registering application PRODUCT-SERVICE with eureka with status UP
2022-06-30 01:04:10.083  INFO 16792 --- [restartedMain] com.netflix.discovery.DiscoveryClient    : Saw local status change event StatusChangeEvent [timestamp=1656525850083, current=UP, previous=STARTING]
2022-06-30 01:04:10.088  INFO 16792 --- [DiscoveryClient-InstanceInfoReplicator-0] com.netflix.discovery.DiscoveryClient    : DiscoveryClient_PRODUCT-SERVICE/DESKTOP-VHUB827:product-service:8083: registering service...
2022-06-30 01:04:10.144  INFO 16792 --- [restartedMain] o.s.b.w.embedded.tomcat.TomcatWebServer  : Tomcat started on port(s): 8083 (http) with context path ''
2022-06-30 01:04:10.146  INFO 16792 --- [restartedMain] .s.c.n.e.s.EurekaAutoServiceRegistration : Updating port to 8083
2022-06-30 01:04:10.203  INFO 16792 --- [DiscoveryClient-InstanceInfoReplicator-0] com.netflix.discovery.DiscoveryClient    : DiscoveryClient_PRODUCT-SERVICE/DESKTOP-VHUB827:product-service:8083 - registration status: 204
2022-06-30 01:04:11.561  INFO 16792 --- [restartedMain] com.example.mock2.Mock2Application       : Started Mock2Application in 20.01 seconds (JVM running for 21.83)
2022-06-30 01:04:22.381  INFO 16792 --- [http-nio-8083-exec-1] o.a.c.c.C.[Tomcat].[localhost].[/]       : Initializing Spring DispatcherServlet 'dispatcherServlet'
2022-06-30 01:04:22.382  INFO 16792 --- [http-nio-8083-exec-1] o.s.web.servlet.DispatcherServlet        : Initializing Servlet 'dispatcherServlet'
2022-06-30 01:04:22.385  INFO 16792 --- [http-nio-8083-exec-1] o.s.web.servlet.DispatcherServlet        : Completed initialization in 3 ms
2022-06-30 01:04:23.023  INFO 16792 --- [http-nio-8083-exec-1] c.e.m.C.ProductRatingController          : user add a product rating with info:com.example.mock2.DTO.ProductRatingDTO@793f95a
2022-06-30 01:04:24.633  WARN 16792 --- [http-nio-8083-exec-1] .m.m.a.ExceptionHandlerExceptionResolver : Resolved [java.lang.RuntimeException: this user voted this product]
2022-06-30 01:04:57.169  INFO 16792 --- [http-nio-8083-exec-4] c.e.m.C.ProductRatingController          : user update product rating by id: 1 with info:com.example.mock2.DTO.ProductRatingDTO@2029c425
2022-06-30 01:05:50.577  INFO 16792 --- [SpringApplicationShutdownHook] o.s.c.n.e.s.EurekaServiceRegistry        : Unregistering application PRODUCT-SERVICE with eureka with status DOWN
2022-06-30 01:05:50.578  INFO 16792 --- [SpringApplicationShutdownHook] com.netflix.discovery.DiscoveryClient    : Saw local status change event StatusChangeEvent [timestamp=1656525950578, current=DOWN, previous=UP]
2022-06-30 01:05:50.578  INFO 16792 --- [DiscoveryClient-InstanceInfoReplicator-0] com.netflix.discovery.DiscoveryClient    : DiscoveryClient_PRODUCT-SERVICE/DESKTOP-VHUB827:product-service:8083: registering service...
2022-06-30 01:05:50.588  INFO 16792 --- [DiscoveryClient-InstanceInfoReplicator-0] com.netflix.discovery.DiscoveryClient    : DiscoveryClient_PRODUCT-SERVICE/DESKTOP-VHUB827:product-service:8083 - registration status: 204
2022-06-30 01:05:51.033  INFO 16792 --- [SpringApplicationShutdownHook] j.LocalContainerEntityManagerFactoryBean : Closing JPA EntityManagerFactory for persistence unit 'default'
2022-06-30 01:05:51.042  INFO 16792 --- [SpringApplicationShutdownHook] com.zaxxer.hikari.HikariDataSource       : HikariPool-1 - Shutdown initiated...
2022-06-30 01:05:51.066  INFO 16792 --- [SpringApplicationShutdownHook] com.zaxxer.hikari.HikariDataSource       : HikariPool-1 - Shutdown completed.
2022-06-30 01:05:51.067  INFO 16792 --- [SpringApplicationShutdownHook] com.netflix.discovery.DiscoveryClient    : Shutting down DiscoveryClient ...
2022-06-30 01:05:54.087  INFO 16792 --- [SpringApplicationShutdownHook] com.netflix.discovery.DiscoveryClient    : Unregistering ...
2022-06-30 01:05:54.103  INFO 16792 --- [SpringApplicationShutdownHook] com.netflix.discovery.DiscoveryClient    : DiscoveryClient_PRODUCT-SERVICE/DESKTOP-VHUB827:product-service:8083 - deregister  status: 200
2022-06-30 01:05:54.116  INFO 16792 --- [SpringApplicationShutdownHook] com.netflix.discovery.DiscoveryClient    : Completed shut down of DiscoveryClient
