2022-06-30 00:56:40.601  INFO 17504 --- [restartedMain] com.example.mock2.Mock2Application       : Starting Mock2Application using Java 1.8.0_111 on DESKTOP-VHUB827 with PID 17504 (C:\Users\DELL\Documents\FsoftTraining\mooc2\bk_java_proshop\01.source\gateway-authorization-service\target\classes started by DELL in C:\Users\DELL\Documents\FsoftTraining\mooc2\bk_java_proshop\01.source\gateway-authorization-service)
2022-06-30 00:56:40.739  INFO 17504 --- [restartedMain] com.example.mock2.Mock2Application       : No active profile set, falling back to 1 default profile: "default"
2022-06-30 00:56:40.897  INFO 17504 --- [restartedMain] .e.DevToolsPropertyDefaultsPostProcessor : Devtools property defaults active! Set 'spring.devtools.add-properties' to 'false' to disable
2022-06-30 00:56:40.897  INFO 17504 --- [restartedMain] .e.DevToolsPropertyDefaultsPostProcessor : For additional web related logging consider setting the 'logging.level.web' property to 'DEBUG'
2022-06-30 00:56:47.907  INFO 17504 --- [restartedMain] .s.d.r.c.RepositoryConfigurationDelegate : Bootstrapping Spring Data JPA repositories in DEFAULT mode.
2022-06-30 00:56:48.642  INFO 17504 --- [restartedMain] .s.d.r.c.RepositoryConfigurationDelegate : Finished Spring Data repository scanning in 707 ms. Found 2 JPA repository interfaces.
2022-06-30 00:56:50.045  INFO 17504 --- [restartedMain] o.s.cloud.context.scope.GenericScope     : BeanFactory id=b171e3e7-878e-32fc-a221-34debabc02c1
2022-06-30 00:56:50.618  INFO 17504 --- [restartedMain] trationDelegate$BeanPostProcessorChecker : Bean 'org.springframework.cloud.client.loadbalancer.reactive.LoadBalancerBeanPostProcessorAutoConfiguration' of type [org.springframework.cloud.client.loadbalancer.reactive.LoadBalancerBeanPostProcessorAutoConfiguration] is not eligible for getting processed by all BeanPostProcessors (for example: not eligible for auto-proxying)
2022-06-30 00:56:50.621  INFO 17504 --- [restartedMain] trationDelegate$BeanPostProcessorChecker : Bean 'org.springframework.cloud.client.loadbalancer.reactive.LoadBalancerBeanPostProcessorAutoConfiguration$ReactorDeferringLoadBalancerFilterConfig' of type [org.springframework.cloud.client.loadbalancer.reactive.LoadBalancerBeanPostProcessorAutoConfiguration$ReactorDeferringLoadBalancerFilterConfig] is not eligible for getting processed by all BeanPostProcessors (for example: not eligible for auto-proxying)
2022-06-30 00:56:50.632  INFO 17504 --- [restartedMain] trationDelegate$BeanPostProcessorChecker : Bean 'reactorDeferringLoadBalancerExchangeFilterFunction' of type [org.springframework.cloud.client.loadbalancer.reactive.DeferringLoadBalancerExchangeFilterFunction] is not eligible for getting processed by all BeanPostProcessors (for example: not eligible for auto-proxying)
2022-06-30 00:56:52.851  INFO 17504 --- [restartedMain] o.s.b.w.embedded.tomcat.TomcatWebServer  : Tomcat initialized with port(s): 8080 (http)
2022-06-30 00:56:52.880  INFO 17504 --- [restartedMain] o.apache.catalina.core.StandardService   : Starting service [Tomcat]
2022-06-30 00:56:52.884  INFO 17504 --- [restartedMain] org.apache.catalina.core.StandardEngine  : Starting Servlet engine: [Apache Tomcat/9.0.64]
2022-06-30 00:56:55.844  INFO 17504 --- [restartedMain] com.zaxxer.hikari.HikariDataSource       : HikariPool-1 - Starting...
2022-06-30 00:56:57.664  INFO 17504 --- [restartedMain] com.zaxxer.hikari.HikariDataSource       : HikariPool-1 - Start completed.
2022-06-30 00:56:57.824  INFO 17504 --- [restartedMain] o.hibernate.jpa.internal.util.LogHelper  : HHH000204: Processing PersistenceUnitInfo [name: default]
2022-06-30 00:56:58.090  INFO 17504 --- [restartedMain] org.hibernate.Version                    : HHH000412: Hibernate ORM core version 5.6.9.Final
2022-06-30 00:56:58.710  INFO 17504 --- [restartedMain] o.hibernate.annotations.common.Version   : HCANN000001: Hibernate Commons Annotations {5.1.2.Final}
2022-06-30 00:56:59.169  INFO 17504 --- [restartedMain] org.hibernate.dialect.Dialect            : HHH000400: Using dialect: org.hibernate.dialect.MySQL5InnoDBDialect
2022-06-30 00:57:01.499  INFO 17504 --- [restartedMain] o.h.e.t.j.p.i.JtaPlatformInitiator       : HHH000490: Using JtaPlatform implementation: [org.hibernate.engine.transaction.jta.platform.internal.NoJtaPlatform]
2022-06-30 00:57:01.537  INFO 17504 --- [restartedMain] j.LocalContainerEntityManagerFactoryBean : Initialized JPA EntityManagerFactory for persistence unit 'default'
2022-06-30 00:57:09.480  INFO 17504 --- [restartedMain] o.s.c.g.r.RouteDefinitionRouteLocator    : Loaded RoutePredicateFactory [After]
2022-06-30 00:57:09.482  INFO 17504 --- [restartedMain] o.s.c.g.r.RouteDefinitionRouteLocator    : Loaded RoutePredicateFactory [Before]
2022-06-30 00:57:09.483  INFO 17504 --- [restartedMain] o.s.c.g.r.RouteDefinitionRouteLocator    : Loaded RoutePredicateFactory [Between]
2022-06-30 00:57:09.484  INFO 17504 --- [restartedMain] o.s.c.g.r.RouteDefinitionRouteLocator    : Loaded RoutePredicateFactory [Cookie]
2022-06-30 00:57:09.484  INFO 17504 --- [restartedMain] o.s.c.g.r.RouteDefinitionRouteLocator    : Loaded RoutePredicateFactory [Header]
2022-06-30 00:57:09.484  INFO 17504 --- [restartedMain] o.s.c.g.r.RouteDefinitionRouteLocator    : Loaded RoutePredicateFactory [Host]
2022-06-30 00:57:09.485  INFO 17504 --- [restartedMain] o.s.c.g.r.RouteDefinitionRouteLocator    : Loaded RoutePredicateFactory [Method]
2022-06-30 00:57:09.485  INFO 17504 --- [restartedMain] o.s.c.g.r.RouteDefinitionRouteLocator    : Loaded RoutePredicateFactory [Path]
2022-06-30 00:57:09.485  INFO 17504 --- [restartedMain] o.s.c.g.r.RouteDefinitionRouteLocator    : Loaded RoutePredicateFactory [Query]
2022-06-30 00:57:09.486  INFO 17504 --- [restartedMain] o.s.c.g.r.RouteDefinitionRouteLocator    : Loaded RoutePredicateFactory [ReadBody]
2022-06-30 00:57:09.486  INFO 17504 --- [restartedMain] o.s.c.g.r.RouteDefinitionRouteLocator    : Loaded RoutePredicateFactory [RemoteAddr]
2022-06-30 00:57:09.486  INFO 17504 --- [restartedMain] o.s.c.g.r.RouteDefinitionRouteLocator    : Loaded RoutePredicateFactory [XForwardedRemoteAddr]
2022-06-30 00:57:09.487  INFO 17504 --- [restartedMain] o.s.c.g.r.RouteDefinitionRouteLocator    : Loaded RoutePredicateFactory [Weight]
2022-06-30 00:57:09.487  INFO 17504 --- [restartedMain] o.s.c.g.r.RouteDefinitionRouteLocator    : Loaded RoutePredicateFactory [CloudFoundryRouteService]
2022-06-30 00:57:10.425  WARN 17504 --- [restartedMain] ion$DefaultTemplateResolverConfiguration : Cannot find template location: classpath:/templates/ (please add some templates or check your Thymeleaf configuration)
2022-06-30 00:57:13.116  WARN 17504 --- [restartedMain] o.s.b.d.a.OptionalLiveReloadServer       : Unable to start LiveReload server
2022-06-30 00:57:13.195  INFO 17504 --- [restartedMain] DiscoveryClientOptionalArgsConfiguration : Eureka HTTP Client uses RestTemplate.
2022-06-30 00:57:21.277  WARN 17504 --- [restartedMain] iguration$LoadBalancerCaffeineWarnLogger : Spring Cloud LoadBalancer is currently working with the default cache. While this cache implementation is useful for development and tests, it's recommended to use Caffeine cache in production.You can switch to using Caffeine cache, by adding it and org.springframework.cache.caffeine.CaffeineCacheManager to the classpath.
2022-06-30 00:57:21.360  INFO 17504 --- [restartedMain] o.s.c.n.eureka.InstanceInfoFactory       : Setting initial instance status as: STARTING
2022-06-30 00:57:21.847  INFO 17504 --- [restartedMain] com.netflix.discovery.DiscoveryClient    : Initializing Eureka in region us-east-1
2022-06-30 00:57:21.861  INFO 17504 --- [restartedMain] c.n.d.s.r.aws.ConfigClusterResolver      : Resolving eureka endpoints via configuration
2022-06-30 00:57:21.937  INFO 17504 --- [restartedMain] com.netflix.discovery.DiscoveryClient    : Disable delta property : false
2022-06-30 00:57:21.938  INFO 17504 --- [restartedMain] com.netflix.discovery.DiscoveryClient    : Single vip registry refresh property : null
2022-06-30 00:57:21.939  INFO 17504 --- [restartedMain] com.netflix.discovery.DiscoveryClient    : Force full registry fetch : false
2022-06-30 00:57:21.939  INFO 17504 --- [restartedMain] com.netflix.discovery.DiscoveryClient    : Application is null : false
2022-06-30 00:57:21.939  INFO 17504 --- [restartedMain] com.netflix.discovery.DiscoveryClient    : Registered Applications size is zero : true
2022-06-30 00:57:21.940  INFO 17504 --- [restartedMain] com.netflix.discovery.DiscoveryClient    : Application version is -1: true
2022-06-30 00:57:21.940  INFO 17504 --- [restartedMain] com.netflix.discovery.DiscoveryClient    : Getting all instance registry info from the eureka server
2022-06-30 00:57:23.269  INFO 17504 --- [restartedMain] com.netflix.discovery.DiscoveryClient    : The response status is 200
2022-06-30 00:57:23.275  INFO 17504 --- [restartedMain] com.netflix.discovery.DiscoveryClient    : Starting heartbeat executor: renew interval is: 30
2022-06-30 00:57:23.287  INFO 17504 --- [restartedMain] c.n.discovery.InstanceInfoReplicator     : InstanceInfoReplicator onDemand update allowed rate per min is 4
2022-06-30 00:57:23.306  INFO 17504 --- [restartedMain] com.netflix.discovery.DiscoveryClient    : Discovery Client initialized at timestamp 1656525443301 with initial instances count: 0
2022-06-30 00:57:23.316  INFO 17504 --- [restartedMain] o.s.c.n.e.s.EurekaServiceRegistry        : Registering application GATEWAY-SERVICE with eureka with status UP
2022-06-30 00:57:23.321  INFO 17504 --- [restartedMain] com.netflix.discovery.DiscoveryClient    : Saw local status change event StatusChangeEvent [timestamp=1656525443321, current=UP, previous=STARTING]
2022-06-30 00:57:23.329  INFO 17504 --- [DiscoveryClient-InstanceInfoReplicator-0] com.netflix.discovery.DiscoveryClient    : DiscoveryClient_GATEWAY-SERVICE/DESKTOP-VHUB827:gateway-service:8080: registering service...
2022-06-30 00:57:23.827  INFO 17504 --- [DiscoveryClient-InstanceInfoReplicator-0] com.netflix.discovery.DiscoveryClient    : DiscoveryClient_GATEWAY-SERVICE/DESKTOP-VHUB827:gateway-service:8080 - registration status: 204
2022-06-30 00:57:23.839  INFO 17504 --- [restartedMain] o.s.b.w.embedded.tomcat.TomcatWebServer  : Tomcat started on port(s): 8080 (http) with context path ''
2022-06-30 00:57:23.850  INFO 17504 --- [restartedMain] .s.c.n.e.s.EurekaAutoServiceRegistration : Updating port to 8080
2022-06-30 00:57:26.205  INFO 17504 --- [restartedMain] com.example.mock2.Mock2Application       : Started Mock2Application in 56.805 seconds (JVM running for 66.327)
2022-06-30 00:57:53.287  INFO 17504 --- [DiscoveryClient-CacheRefreshExecutor-0] com.netflix.discovery.DiscoveryClient    : Disable delta property : false
2022-06-30 00:57:53.288  INFO 17504 --- [DiscoveryClient-CacheRefreshExecutor-0] com.netflix.discovery.DiscoveryClient    : Single vip registry refresh property : null
2022-06-30 00:57:53.288  INFO 17504 --- [DiscoveryClient-CacheRefreshExecutor-0] com.netflix.discovery.DiscoveryClient    : Force full registry fetch : false
2022-06-30 00:57:53.288  INFO 17504 --- [DiscoveryClient-CacheRefreshExecutor-0] com.netflix.discovery.DiscoveryClient    : Application is null : false
2022-06-30 00:57:53.289  INFO 17504 --- [DiscoveryClient-CacheRefreshExecutor-0] com.netflix.discovery.DiscoveryClient    : Registered Applications size is zero : true
2022-06-30 00:57:53.290  INFO 17504 --- [DiscoveryClient-CacheRefreshExecutor-0] com.netflix.discovery.DiscoveryClient    : Application version is -1: false
2022-06-30 00:57:53.290  INFO 17504 --- [DiscoveryClient-CacheRefreshExecutor-0] com.netflix.discovery.DiscoveryClient    : Getting all instance registry info from the eureka server
2022-06-30 00:57:53.324  INFO 17504 --- [DiscoveryClient-CacheRefreshExecutor-0] com.netflix.discovery.DiscoveryClient    : The response status is 200
2022-06-30 01:02:21.952  INFO 17504 --- [AsyncResolver-bootstrap-executor-0] c.n.d.s.r.aws.ConfigClusterResolver      : Resolving eureka endpoints via configuration
2022-06-30 01:04:39.073  WARN 17504 --- [http-nio-8080-exec-6] o.s.c.l.core.RoundRobinLoadBalancer      : No servers available for service: product-service
2022-06-30 01:04:47.801  WARN 17504 --- [http-nio-8080-exec-1] o.s.c.l.core.RoundRobinLoadBalancer      : No servers available for service: product-service
2022-06-30 01:04:49.251  WARN 17504 --- [http-nio-8080-exec-4] o.s.c.l.core.RoundRobinLoadBalancer      : No servers available for service: product-service
2022-06-30 01:06:24.357  WARN 17504 --- [http-nio-8080-exec-6] o.s.c.l.core.RoundRobinLoadBalancer      : No servers available for service: authentication-service
2022-06-30 01:07:21.957  INFO 17504 --- [AsyncResolver-bootstrap-executor-0] c.n.d.s.r.aws.ConfigClusterResolver      : Resolving eureka endpoints via configuration
