
LoggerTYPE: INFO: 2022/06/20 01:40:31: user do View Bill
LoggerTYPE: INFO: 2022/06/20 02:56:17: user do View Bill
LoggerTYPE: INFO: 2022/06/25 21:57:31: admin do view All Product
LoggerTYPE: INFO: 2022/06/25 23:39:33: admin do view All Product
LoggerTYPE: INFO: 2022/06/25 23:39:41: admin do view All Product
LoggerTYPE: INFO: 2022/06/25 23:39:50: admin do view All Product
LoggerTYPE: INFO: 2022/06/26 04:09:51: admin do get a product rating with product id:1 and userId: 2
LoggerTYPE: INFO: 2022/06/26 04:13:15: admin do get a product rating with product id:1 and userId: 2
LoggerTYPE: INFO: 2022/06/26 04:13:15: admin do get a product rating with product id:1 and userId: 2
LoggerTYPE: INFO: 2022/06/26 04:13:17: admin do get a product rating with product id:1 and userId: 2
LoggerTYPE: INFO: 2022/06/26 04:13:17: admin do get a product rating with product id:1 and userId: 2
LoggerTYPE: INFO: 2022/06/26 04:35:18: admin do get a product rating with product id:1 and userId: 2
LoggerTYPE: INFO: 2022/06/26 04:35:31: admin do get a product rating with product id:1 and userId: 2
LoggerTYPE: INFO: 2022/06/26 04:36:24: admin do get a product rating list with product id:1
LoggerTYPE: INFO: 2022/06/26 04:37:25: admin do add a product with info:ProductDTO(productId=0, productName=xx111
, productPrice=100000, productQuantity=10, productRating=1.0, category=null, categoryId=1, productMediaSet=null, soldNumber=0)
LoggerTYPE: INFO: 2022/06/26 04:37:25: admin do add a product with info:ProductDTO(productId=0, productName=xx111
, productPrice=100000, productQuantity=10, productRating=1.0, category=null, categoryId=1, productMediaSet=null, soldNumber=0)
LoggerTYPE: INFO: 2022/06/26 04:37:57: admin do add a product with info:ProductDTO(productId=0, productName=xx1112, productPrice=100000, productQuantity=10, productRating=1.0, category=null, categoryId=1, productMediaSet=null, soldNumber=0)
LoggerTYPE: INFO: 2022/06/26 04:38:31: admin do update product by id: 35 with info:ProductDTO(productId=0, productName=abc, productPrice=100000, productQuantity=10, productRating=2.0, category=null, categoryId=1, productMediaSet=null, soldNumber=0)