2022-06-20 00:24:36.597  INFO 5644 --- [restartedMain] com.example.mock2.Mock2Application       : Starting Mock2Application using Java 17.0.1 on XinchaoanhBach with PID 5644 (C:\GitLab\Mock2_Project\bk_java_proshop\01.source\target\classes started by AnhBach in C:\GitLab\Mock2_Project\bk_java_proshop\01.source)
2022-06-20 00:24:36.602  INFO 5644 --- [restartedMain] com.example.mock2.Mock2Application       : No active profile set, falling back to 1 default profile: "default"
2022-06-20 00:24:36.677  INFO 5644 --- [restartedMain] .e.DevToolsPropertyDefaultsPostProcessor : Devtools property defaults active! Set 'spring.devtools.add-properties' to 'false' to disable
2022-06-20 00:24:36.678  INFO 5644 --- [restartedMain] .e.DevToolsPropertyDefaultsPostProcessor : For additional web related logging consider setting the 'logging.level.web' property to 'DEBUG'
2022-06-20 00:24:37.788  INFO 5644 --- [restartedMain] .s.d.r.c.RepositoryConfigurationDelegate : Bootstrapping Spring Data JPA repositories in DEFAULT mode.
2022-06-20 00:24:37.890  INFO 5644 --- [restartedMain] .s.d.r.c.RepositoryConfigurationDelegate : Finished Spring Data repository scanning in 91 ms. Found 9 JPA repository interfaces.
2022-06-20 00:24:38.511  INFO 5644 --- [restartedMain] o.s.b.w.embedded.tomcat.TomcatWebServer  : Tomcat initialized with port(s): 8080 (http)
2022-06-20 00:24:38.521  INFO 5644 --- [restartedMain] o.apache.catalina.core.StandardService   : Starting service [Tomcat]
2022-06-20 00:24:38.523  INFO 5644 --- [restartedMain] org.apache.catalina.core.StandardEngine  : Starting Servlet engine: [Apache Tomcat/9.0.63]
2022-06-20 00:24:38.623  INFO 5644 --- [restartedMain] o.a.c.c.C.[Tomcat].[localhost].[/]       : Initializing Spring embedded WebApplicationContext
2022-06-20 00:24:38.623  INFO 5644 --- [restartedMain] w.s.c.ServletWebServerApplicationContext : Root WebApplicationContext: initialization completed in 1942 ms
2022-06-20 00:24:38.767  INFO 5644 --- [restartedMain] o.hibernate.jpa.internal.util.LogHelper  : HHH000204: Processing PersistenceUnitInfo [name: default]
2022-06-20 00:24:38.856  INFO 5644 --- [restartedMain] org.hibernate.Version                    : HHH000412: Hibernate ORM core version 5.6.9.Final
2022-06-20 00:24:39.022  INFO 5644 --- [restartedMain] o.hibernate.annotations.common.Version   : HCANN000001: Hibernate Commons Annotations {5.1.2.Final}
2022-06-20 00:24:39.121  INFO 5644 --- [restartedMain] com.zaxxer.hikari.HikariDataSource       : HikariPool-1 - Starting...
2022-06-20 00:24:39.589  INFO 5644 --- [restartedMain] com.zaxxer.hikari.HikariDataSource       : HikariPool-1 - Start completed.
2022-06-20 00:24:39.605  INFO 5644 --- [restartedMain] org.hibernate.dialect.Dialect            : HHH000400: Using dialect: org.hibernate.dialect.MySQL5InnoDBDialect
2022-06-20 00:24:40.745  INFO 5644 --- [restartedMain] o.h.e.t.j.p.i.JtaPlatformInitiator       : HHH000490: Using JtaPlatform implementation: [org.hibernate.engine.transaction.jta.platform.internal.NoJtaPlatform]
2022-06-20 00:24:40.753  INFO 5644 --- [restartedMain] j.LocalContainerEntityManagerFactoryBean : Initialized JPA EntityManagerFactory for persistence unit 'default'
2022-06-20 00:24:41.878  WARN 5644 --- [restartedMain] JpaBaseConfiguration$JpaWebConfiguration : spring.jpa.open-in-view is enabled by default. Therefore, database queries may be performed during view rendering. Explicitly configure spring.jpa.open-in-view to disable this warning
2022-06-20 00:24:42.004  INFO 5644 --- [restartedMain] o.s.s.web.DefaultSecurityFilterChain     : Will secure any request with [org.springframework.security.web.session.DisableEncodeUrlFilter@52ae85de, org.springframework.security.web.context.request.async.WebAsyncManagerIntegrationFilter@147386dd, org.springframework.security.web.context.SecurityContextPersistenceFilter@6d432ca4, org.springframework.security.web.header.HeaderWriterFilter@41250407, org.springframework.security.web.authentication.logout.LogoutFilter@66b739c9, com.example.mock2.filter.CustomAuthorizationFilter@42303b60, org.springframework.security.web.authentication.UsernamePasswordAuthenticationFilter@6a679733, org.springframework.security.web.savedrequest.RequestCacheAwareFilter@7184d14e, org.springframework.security.web.servletapi.SecurityContextHolderAwareRequestFilter@3ee2b8b7, org.springframework.security.web.authentication.AnonymousAuthenticationFilter@3d513ede, org.springframework.security.web.session.SessionManagementFilter@4867099b, org.springframework.security.web.access.ExceptionTranslationFilter@415c1d4a, org.springframework.security.web.access.intercept.FilterSecurityInterceptor@6f547fbf]
2022-06-20 00:24:42.547  WARN 5644 --- [restartedMain] ion$DefaultTemplateResolverConfiguration : Cannot find template location: classpath:/templates/ (please add some templates or check your Thymeleaf configuration)
2022-06-20 00:24:42.841  INFO 5644 --- [restartedMain] o.s.b.d.a.OptionalLiveReloadServer       : LiveReload server is running on port 35729
2022-06-20 00:24:43.063  INFO 5644 --- [restartedMain] o.s.b.w.embedded.tomcat.TomcatWebServer  : Tomcat started on port(s): 8080 (http) with context path ''
2022-06-20 00:24:43.106  INFO 5644 --- [restartedMain] com.example.mock2.Mock2Application       : Started Mock2Application in 6.88 seconds (JVM running for 7.756)
2022-06-20 00:25:11.324  INFO 5644 --- [http-nio-8080-exec-2] o.a.c.c.C.[Tomcat].[localhost].[/]       : Initializing Spring DispatcherServlet 'dispatcherServlet'
2022-06-20 00:25:11.325  INFO 5644 --- [http-nio-8080-exec-2] o.s.web.servlet.DispatcherServlet        : Initializing Servlet 'dispatcherServlet'
2022-06-20 00:25:11.326  INFO 5644 --- [http-nio-8080-exec-2] o.s.web.servlet.DispatcherServlet        : Completed initialization in 1 ms
2022-06-20 00:25:28.213  WARN 5644 --- [http-nio-8080-exec-3] .m.m.a.ExceptionHandlerExceptionResolver : Resolved [org.springframework.web.HttpRequestMethodNotSupportedException: Request method 'POST' not supported]
2022-06-20 00:25:30.566  WARN 5644 --- [http-nio-8080-exec-5] .m.m.a.ExceptionHandlerExceptionResolver : Resolved [org.springframework.web.HttpRequestMethodNotSupportedException: Request method 'POST' not supported]
2022-06-20 00:25:44.364  WARN 5644 --- [http-nio-8080-exec-7] o.h.engine.jdbc.spi.SqlExceptionHelper   : SQL Error: 1452, SQLState: 23000
2022-06-20 00:25:44.364 ERROR 5644 --- [http-nio-8080-exec-7] o.h.engine.jdbc.spi.SqlExceptionHelper   : Cannot add or update a child row: a foreign key constraint fails (`mock2`.`delivery_status`, CONSTRAINT `delivery_status_ibfk_1` FOREIGN KEY (`billId`) REFERENCES `bill` (`billId`))
2022-06-20 00:25:44.381  WARN 5644 --- [http-nio-8080-exec-7] .m.m.a.ExceptionHandlerExceptionResolver : Resolved [org.springframework.dao.DataIntegrityViolationException: could not execute statement; SQL [n/a]; constraint [null]; nested exception is org.hibernate.exception.ConstraintViolationException: could not execute statement]
2022-06-20 00:26:33.302  WARN 5644 --- [http-nio-8080-exec-3] o.h.engine.jdbc.spi.SqlExceptionHelper   : SQL Error: 1452, SQLState: 23000
2022-06-20 00:26:33.303 ERROR 5644 --- [http-nio-8080-exec-3] o.h.engine.jdbc.spi.SqlExceptionHelper   : Cannot add or update a child row: a foreign key constraint fails (`mock2`.`delivery_status`, CONSTRAINT `delivery_status_ibfk_1` FOREIGN KEY (`billId`) REFERENCES `bill` (`billId`))
2022-06-20 00:26:33.312  WARN 5644 --- [http-nio-8080-exec-3] .m.m.a.ExceptionHandlerExceptionResolver : Resolved [org.springframework.dao.DataIntegrityViolationException: could not execute statement; SQL [n/a]; constraint [null]; nested exception is org.hibernate.exception.ConstraintViolationException: could not execute statement]
2022-06-20 00:26:54.556  INFO 5644 --- [SpringApplicationShutdownHook] j.LocalContainerEntityManagerFactoryBean : Closing JPA EntityManagerFactory for persistence unit 'default'
2022-06-20 00:26:54.560  INFO 5644 --- [SpringApplicationShutdownHook] com.zaxxer.hikari.HikariDataSource       : HikariPool-1 - Shutdown initiated...
2022-06-20 00:26:54.569  INFO 5644 --- [SpringApplicationShutdownHook] com.zaxxer.hikari.HikariDataSource       : HikariPool-1 - Shutdown completed.
2022-06-20 00:27:00.218  INFO 3504 --- [restartedMain] com.example.mock2.Mock2Application       : Starting Mock2Application using Java 17.0.1 on XinchaoanhBach with PID 3504 (C:\GitLab\Mock2_Project\bk_java_proshop\01.source\target\classes started by AnhBach in C:\GitLab\Mock2_Project\bk_java_proshop\01.source)
2022-06-20 00:27:00.220  INFO 3504 --- [restartedMain] com.example.mock2.Mock2Application       : No active profile set, falling back to 1 default profile: "default"
2022-06-20 00:27:00.310  INFO 3504 --- [restartedMain] .e.DevToolsPropertyDefaultsPostProcessor : Devtools property defaults active! Set 'spring.devtools.add-properties' to 'false' to disable
2022-06-20 00:27:00.312  INFO 3504 --- [restartedMain] .e.DevToolsPropertyDefaultsPostProcessor : For additional web related logging consider setting the 'logging.level.web' property to 'DEBUG'
2022-06-20 00:27:01.061  INFO 3504 --- [restartedMain] .s.d.r.c.RepositoryConfigurationDelegate : Bootstrapping Spring Data JPA repositories in DEFAULT mode.
2022-06-20 00:27:01.163  INFO 3504 --- [restartedMain] .s.d.r.c.RepositoryConfigurationDelegate : Finished Spring Data repository scanning in 94 ms. Found 9 JPA repository interfaces.
2022-06-20 00:27:01.761  INFO 3504 --- [restartedMain] o.s.b.w.embedded.tomcat.TomcatWebServer  : Tomcat initialized with port(s): 8080 (http)
2022-06-20 00:27:01.775  INFO 3504 --- [restartedMain] o.apache.catalina.core.StandardService   : Starting service [Tomcat]
2022-06-20 00:27:01.777  INFO 3504 --- [restartedMain] org.apache.catalina.core.StandardEngine  : Starting Servlet engine: [Apache Tomcat/9.0.63]
2022-06-20 00:27:01.883  INFO 3504 --- [restartedMain] o.a.c.c.C.[Tomcat].[localhost].[/]       : Initializing Spring embedded WebApplicationContext
2022-06-20 00:27:01.884  INFO 3504 --- [restartedMain] w.s.c.ServletWebServerApplicationContext : Root WebApplicationContext: initialization completed in 1571 ms
2022-06-20 00:27:02.119  INFO 3504 --- [restartedMain] o.hibernate.jpa.internal.util.LogHelper  : HHH000204: Processing PersistenceUnitInfo [name: default]
2022-06-20 00:27:02.156  INFO 3504 --- [restartedMain] org.hibernate.Version                    : HHH000412: Hibernate ORM core version 5.6.9.Final
2022-06-20 00:27:02.256  INFO 3504 --- [restartedMain] o.hibernate.annotations.common.Version   : HCANN000001: Hibernate Commons Annotations {5.1.2.Final}
2022-06-20 00:27:02.343  INFO 3504 --- [restartedMain] com.zaxxer.hikari.HikariDataSource       : HikariPool-1 - Starting...
2022-06-20 00:27:02.606  INFO 3504 --- [restartedMain] com.zaxxer.hikari.HikariDataSource       : HikariPool-1 - Start completed.
2022-06-20 00:27:02.617  INFO 3504 --- [restartedMain] org.hibernate.dialect.Dialect            : HHH000400: Using dialect: org.hibernate.dialect.MySQL5InnoDBDialect
2022-06-20 00:27:03.470  INFO 3504 --- [restartedMain] o.h.e.t.j.p.i.JtaPlatformInitiator       : HHH000490: Using JtaPlatform implementation: [org.hibernate.engine.transaction.jta.platform.internal.NoJtaPlatform]
2022-06-20 00:27:03.478  INFO 3504 --- [restartedMain] j.LocalContainerEntityManagerFactoryBean : Initialized JPA EntityManagerFactory for persistence unit 'default'
2022-06-20 00:27:04.127  WARN 3504 --- [restartedMain] JpaBaseConfiguration$JpaWebConfiguration : spring.jpa.open-in-view is enabled by default. Therefore, database queries may be performed during view rendering. Explicitly configure spring.jpa.open-in-view to disable this warning
2022-06-20 00:27:04.270  INFO 3504 --- [restartedMain] o.s.s.web.DefaultSecurityFilterChain     : Will secure any request with [org.springframework.security.web.session.DisableEncodeUrlFilter@693e471, org.springframework.security.web.context.request.async.WebAsyncManagerIntegrationFilter@537dd2dd, org.springframework.security.web.context.SecurityContextPersistenceFilter@1fefab4e, org.springframework.security.web.header.HeaderWriterFilter@22cf9f0e, org.springframework.security.web.authentication.logout.LogoutFilter@2fb8a4c2, com.example.mock2.filter.CustomAuthorizationFilter@6e5a42b9, org.springframework.security.web.authentication.UsernamePasswordAuthenticationFilter@49aa6fdd, org.springframework.security.web.savedrequest.RequestCacheAwareFilter@61ec6ed8, org.springframework.security.web.servletapi.SecurityContextHolderAwareRequestFilter@6c919ec5, org.springframework.security.web.authentication.AnonymousAuthenticationFilter@690f152f, org.springframework.security.web.session.SessionManagementFilter@b7975eb, org.springframework.security.web.access.ExceptionTranslationFilter@2e7850b5, org.springframework.security.web.access.intercept.FilterSecurityInterceptor@4e3a2118]
2022-06-20 00:27:04.539  WARN 3504 --- [restartedMain] ion$DefaultTemplateResolverConfiguration : Cannot find template location: classpath:/templates/ (please add some templates or check your Thymeleaf configuration)
2022-06-20 00:27:04.623  INFO 3504 --- [restartedMain] o.s.b.d.a.OptionalLiveReloadServer       : LiveReload server is running on port 35729
2022-06-20 00:27:04.656  INFO 3504 --- [restartedMain] o.s.b.w.embedded.tomcat.TomcatWebServer  : Tomcat started on port(s): 8080 (http) with context path ''
2022-06-20 00:27:04.667  INFO 3504 --- [restartedMain] com.example.mock2.Mock2Application       : Started Mock2Application in 4.863 seconds (JVM running for 5.575)
2022-06-20 00:27:05.224  INFO 3504 --- [http-nio-8080-exec-2] o.a.c.c.C.[Tomcat].[localhost].[/]       : Initializing Spring DispatcherServlet 'dispatcherServlet'
2022-06-20 00:27:05.224  INFO 3504 --- [http-nio-8080-exec-2] o.s.web.servlet.DispatcherServlet        : Initializing Servlet 'dispatcherServlet'
2022-06-20 00:27:05.225  INFO 3504 --- [http-nio-8080-exec-2] o.s.web.servlet.DispatcherServlet        : Completed initialization in 1 ms
2022-06-20 00:27:05.498  WARN 3504 --- [http-nio-8080-exec-2] o.h.p.entity.AbstractEntityPersister     : HHH000502: The [product] property of the [com.example.mock2.Entity.BillDetail] entity was modified, but it won't be updated because the property is immutable.
2022-06-20 00:37:42.136  INFO 3504 --- [SpringApplicationShutdownHook] j.LocalContainerEntityManagerFactoryBean : Closing JPA EntityManagerFactory for persistence unit 'default'
2022-06-20 00:37:42.140  INFO 3504 --- [SpringApplicationShutdownHook] com.zaxxer.hikari.HikariDataSource       : HikariPool-1 - Shutdown initiated...
2022-06-20 00:37:42.149  INFO 3504 --- [SpringApplicationShutdownHook] com.zaxxer.hikari.HikariDataSource       : HikariPool-1 - Shutdown completed.
2022-06-20 00:37:49.104  INFO 4268 --- [restartedMain] com.example.mock2.Mock2Application       : Starting Mock2Application using Java 17.0.1 on XinchaoanhBach with PID 4268 (C:\GitLab\Mock2_Project\bk_java_proshop\01.source\target\classes started by AnhBach in C:\GitLab\Mock2_Project\bk_java_proshop\01.source)
2022-06-20 00:37:49.105  INFO 4268 --- [restartedMain] com.example.mock2.Mock2Application       : No active profile set, falling back to 1 default profile: "default"
2022-06-20 00:37:49.145  INFO 4268 --- [restartedMain] .e.DevToolsPropertyDefaultsPostProcessor : Devtools property defaults active! Set 'spring.devtools.add-properties' to 'false' to disable
2022-06-20 00:37:49.145  INFO 4268 --- [restartedMain] .e.DevToolsPropertyDefaultsPostProcessor : For additional web related logging consider setting the 'logging.level.web' property to 'DEBUG'
2022-06-20 00:37:49.953  INFO 4268 --- [restartedMain] .s.d.r.c.RepositoryConfigurationDelegate : Bootstrapping Spring Data JPA repositories in DEFAULT mode.
2022-06-20 00:37:50.116  INFO 4268 --- [restartedMain] .s.d.r.c.RepositoryConfigurationDelegate : Finished Spring Data repository scanning in 155 ms. Found 9 JPA repository interfaces.
2022-06-20 00:37:50.723  INFO 4268 --- [restartedMain] o.s.b.w.embedded.tomcat.TomcatWebServer  : Tomcat initialized with port(s): 8080 (http)
2022-06-20 00:37:50.730  INFO 4268 --- [restartedMain] o.apache.catalina.core.StandardService   : Starting service [Tomcat]
2022-06-20 00:37:50.730  INFO 4268 --- [restartedMain] org.apache.catalina.core.StandardEngine  : Starting Servlet engine: [Apache Tomcat/9.0.63]
2022-06-20 00:37:50.813  INFO 4268 --- [restartedMain] o.a.c.c.C.[Tomcat].[localhost].[/]       : Initializing Spring embedded WebApplicationContext
2022-06-20 00:37:50.813  INFO 4268 --- [restartedMain] w.s.c.ServletWebServerApplicationContext : Root WebApplicationContext: initialization completed in 1667 ms
2022-06-20 00:37:50.919  INFO 4268 --- [restartedMain] o.hibernate.jpa.internal.util.LogHelper  : HHH000204: Processing PersistenceUnitInfo [name: default]
2022-06-20 00:37:50.959  INFO 4268 --- [restartedMain] org.hibernate.Version                    : HHH000412: Hibernate ORM core version 5.6.9.Final
2022-06-20 00:37:51.065  INFO 4268 --- [restartedMain] o.hibernate.annotations.common.Version   : HCANN000001: Hibernate Commons Annotations {5.1.2.Final}
2022-06-20 00:37:51.137  INFO 4268 --- [restartedMain] com.zaxxer.hikari.HikariDataSource       : HikariPool-1 - Starting...
2022-06-20 00:37:51.363  INFO 4268 --- [restartedMain] com.zaxxer.hikari.HikariDataSource       : HikariPool-1 - Start completed.
2022-06-20 00:37:51.373  INFO 4268 --- [restartedMain] org.hibernate.dialect.Dialect            : HHH000400: Using dialect: org.hibernate.dialect.MySQL5InnoDBDialect
2022-06-20 00:37:52.093  INFO 4268 --- [restartedMain] o.h.e.t.j.p.i.JtaPlatformInitiator       : HHH000490: Using JtaPlatform implementation: [org.hibernate.engine.transaction.jta.platform.internal.NoJtaPlatform]
2022-06-20 00:37:52.100  INFO 4268 --- [restartedMain] j.LocalContainerEntityManagerFactoryBean : Initialized JPA EntityManagerFactory for persistence unit 'default'
2022-06-20 00:37:52.785  WARN 4268 --- [restartedMain] JpaBaseConfiguration$JpaWebConfiguration : spring.jpa.open-in-view is enabled by default. Therefore, database queries may be performed during view rendering. Explicitly configure spring.jpa.open-in-view to disable this warning
2022-06-20 00:37:52.909  INFO 4268 --- [restartedMain] o.s.s.web.DefaultSecurityFilterChain     : Will secure any request with [org.springframework.security.web.session.DisableEncodeUrlFilter@2f2c0e68, org.springframework.security.web.context.request.async.WebAsyncManagerIntegrationFilter@23a1ea77, org.springframework.security.web.context.SecurityContextPersistenceFilter@1e06d681, org.springframework.security.web.header.HeaderWriterFilter@bf9c18, org.springframework.security.web.authentication.logout.LogoutFilter@b92623b, com.example.mock2.filter.CustomAuthorizationFilter@145daaf6, org.springframework.security.web.authentication.UsernamePasswordAuthenticationFilter@3c751a8a, org.springframework.security.web.savedrequest.RequestCacheAwareFilter@4e7ac884, org.springframework.security.web.servletapi.SecurityContextHolderAwareRequestFilter@637ff3ed, org.springframework.security.web.authentication.AnonymousAuthenticationFilter@764d5c28, org.springframework.security.web.session.SessionManagementFilter@cc57657, org.springframework.security.web.access.ExceptionTranslationFilter@14f8d3f1, org.springframework.security.web.access.intercept.FilterSecurityInterceptor@7edb2a1f]
2022-06-20 00:37:53.167  WARN 4268 --- [restartedMain] ion$DefaultTemplateResolverConfiguration : Cannot find template location: classpath:/templates/ (please add some templates or check your Thymeleaf configuration)
2022-06-20 00:37:53.265  INFO 4268 --- [restartedMain] o.s.b.d.a.OptionalLiveReloadServer       : LiveReload server is running on port 35729
2022-06-20 00:37:53.301  INFO 4268 --- [restartedMain] o.s.b.w.embedded.tomcat.TomcatWebServer  : Tomcat started on port(s): 8080 (http) with context path ''
2022-06-20 00:37:53.312  INFO 4268 --- [restartedMain] com.example.mock2.Mock2Application       : Started Mock2Application in 4.515 seconds (JVM running for 5.182)
2022-06-20 00:37:55.364  INFO 4268 --- [http-nio-8080-exec-2] o.a.c.c.C.[Tomcat].[localhost].[/]       : Initializing Spring DispatcherServlet 'dispatcherServlet'
2022-06-20 00:37:55.365  INFO 4268 --- [http-nio-8080-exec-2] o.s.web.servlet.DispatcherServlet        : Initializing Servlet 'dispatcherServlet'
2022-06-20 00:37:55.367  INFO 4268 --- [http-nio-8080-exec-2] o.s.web.servlet.DispatcherServlet        : Completed initialization in 2 ms
2022-06-20 00:38:05.721  WARN 4268 --- [http-nio-8080-exec-6] .m.m.a.ExceptionHandlerExceptionResolver : Resolved [java.time.temporal.UnsupportedTemporalTypeException: Unsupported field: HourOfDay]
2022-06-20 00:38:37.858  INFO 4268 --- [SpringApplicationShutdownHook] j.LocalContainerEntityManagerFactoryBean : Closing JPA EntityManagerFactory for persistence unit 'default'
2022-06-20 00:38:37.861  INFO 4268 --- [SpringApplicationShutdownHook] com.zaxxer.hikari.HikariDataSource       : HikariPool-1 - Shutdown initiated...
2022-06-20 00:38:37.868  INFO 4268 --- [SpringApplicationShutdownHook] com.zaxxer.hikari.HikariDataSource       : HikariPool-1 - Shutdown completed.
2022-06-20 00:38:42.803  INFO 6948 --- [restartedMain] com.example.mock2.Mock2Application       : Starting Mock2Application using Java 17.0.1 on XinchaoanhBach with PID 6948 (C:\GitLab\Mock2_Project\bk_java_proshop\01.source\target\classes started by AnhBach in C:\GitLab\Mock2_Project\bk_java_proshop\01.source)
2022-06-20 00:38:42.804  INFO 6948 --- [restartedMain] com.example.mock2.Mock2Application       : No active profile set, falling back to 1 default profile: "default"
2022-06-20 00:38:42.863  INFO 6948 --- [restartedMain] .e.DevToolsPropertyDefaultsPostProcessor : Devtools property defaults active! Set 'spring.devtools.add-properties' to 'false' to disable
2022-06-20 00:38:42.863  INFO 6948 --- [restartedMain] .e.DevToolsPropertyDefaultsPostProcessor : For additional web related logging consider setting the 'logging.level.web' property to 'DEBUG'
2022-06-20 00:38:43.573  INFO 6948 --- [restartedMain] .s.d.r.c.RepositoryConfigurationDelegate : Bootstrapping Spring Data JPA repositories in DEFAULT mode.
2022-06-20 00:38:43.665  INFO 6948 --- [restartedMain] .s.d.r.c.RepositoryConfigurationDelegate : Finished Spring Data repository scanning in 83 ms. Found 9 JPA repository interfaces.
2022-06-20 00:38:44.228  INFO 6948 --- [restartedMain] o.s.b.w.embedded.tomcat.TomcatWebServer  : Tomcat initialized with port(s): 8080 (http)
2022-06-20 00:38:44.235  INFO 6948 --- [restartedMain] o.apache.catalina.core.StandardService   : Starting service [Tomcat]
2022-06-20 00:38:44.236  INFO 6948 --- [restartedMain] org.apache.catalina.core.StandardEngine  : Starting Servlet engine: [Apache Tomcat/9.0.63]
2022-06-20 00:38:44.319  INFO 6948 --- [restartedMain] o.a.c.c.C.[Tomcat].[localhost].[/]       : Initializing Spring embedded WebApplicationContext
2022-06-20 00:38:44.319  INFO 6948 --- [restartedMain] w.s.c.ServletWebServerApplicationContext : Root WebApplicationContext: initialization completed in 1455 ms
2022-06-20 00:38:44.472  INFO 6948 --- [restartedMain] o.hibernate.jpa.internal.util.LogHelper  : HHH000204: Processing PersistenceUnitInfo [name: default]
2022-06-20 00:38:44.510  INFO 6948 --- [restartedMain] org.hibernate.Version                    : HHH000412: Hibernate ORM core version 5.6.9.Final
2022-06-20 00:38:44.607  INFO 6948 --- [restartedMain] o.hibernate.annotations.common.Version   : HCANN000001: Hibernate Commons Annotations {5.1.2.Final}
2022-06-20 00:38:44.675  INFO 6948 --- [restartedMain] com.zaxxer.hikari.HikariDataSource       : HikariPool-1 - Starting...
2022-06-20 00:38:44.934  INFO 6948 --- [restartedMain] com.zaxxer.hikari.HikariDataSource       : HikariPool-1 - Start completed.
2022-06-20 00:38:44.944  INFO 6948 --- [restartedMain] org.hibernate.dialect.Dialect            : HHH000400: Using dialect: org.hibernate.dialect.MySQL5InnoDBDialect
2022-06-20 00:38:45.806  INFO 6948 --- [restartedMain] o.h.e.t.j.p.i.JtaPlatformInitiator       : HHH000490: Using JtaPlatform implementation: [org.hibernate.engine.transaction.jta.platform.internal.NoJtaPlatform]
2022-06-20 00:38:45.812  INFO 6948 --- [restartedMain] j.LocalContainerEntityManagerFactoryBean : Initialized JPA EntityManagerFactory for persistence unit 'default'
2022-06-20 00:38:46.484  WARN 6948 --- [restartedMain] JpaBaseConfiguration$JpaWebConfiguration : spring.jpa.open-in-view is enabled by default. Therefore, database queries may be performed during view rendering. Explicitly configure spring.jpa.open-in-view to disable this warning
2022-06-20 00:38:46.597  INFO 6948 --- [restartedMain] o.s.s.web.DefaultSecurityFilterChain     : Will secure any request with [org.springframework.security.web.session.DisableEncodeUrlFilter@13544509, org.springframework.security.web.context.request.async.WebAsyncManagerIntegrationFilter@6ea1d102, org.springframework.security.web.context.SecurityContextPersistenceFilter@396a2561, org.springframework.security.web.header.HeaderWriterFilter@43c892a2, org.springframework.security.web.authentication.logout.LogoutFilter@ef97f4e, com.example.mock2.filter.CustomAuthorizationFilter@f0212e, org.springframework.security.web.authentication.UsernamePasswordAuthenticationFilter@2986b16b, org.springframework.security.web.savedrequest.RequestCacheAwareFilter@2ccf84c, org.springframework.security.web.servletapi.SecurityContextHolderAwareRequestFilter@64aec667, org.springframework.security.web.authentication.AnonymousAuthenticationFilter@13bf3670, org.springframework.security.web.session.SessionManagementFilter@cebfc95, org.springframework.security.web.access.ExceptionTranslationFilter@157fb08c, org.springframework.security.web.access.intercept.FilterSecurityInterceptor@6e392229]
2022-06-20 00:38:46.831  WARN 6948 --- [restartedMain] ion$DefaultTemplateResolverConfiguration : Cannot find template location: classpath:/templates/ (please add some templates or check your Thymeleaf configuration)
2022-06-20 00:38:46.925  INFO 6948 --- [restartedMain] o.s.b.d.a.OptionalLiveReloadServer       : LiveReload server is running on port 35729
2022-06-20 00:38:46.961  INFO 6948 --- [restartedMain] o.s.b.w.embedded.tomcat.TomcatWebServer  : Tomcat started on port(s): 8080 (http) with context path ''
2022-06-20 00:38:46.973  INFO 6948 --- [restartedMain] com.example.mock2.Mock2Application       : Started Mock2Application in 4.513 seconds (JVM running for 5.52)
2022-06-20 00:38:48.690  INFO 6948 --- [http-nio-8080-exec-2] o.a.c.c.C.[Tomcat].[localhost].[/]       : Initializing Spring DispatcherServlet 'dispatcherServlet'
2022-06-20 00:38:48.690  INFO 6948 --- [http-nio-8080-exec-2] o.s.web.servlet.DispatcherServlet        : Initializing Servlet 'dispatcherServlet'
2022-06-20 00:38:48.691  INFO 6948 --- [http-nio-8080-exec-2] o.s.web.servlet.DispatcherServlet        : Completed initialization in 1 ms
2022-06-20 00:38:52.235  WARN 6948 --- [http-nio-8080-exec-3] .m.m.a.ExceptionHandlerExceptionResolver : Resolved [java.time.temporal.UnsupportedTemporalTypeException: Unsupported field: ClockHourOfAmPm]
2022-06-20 00:39:52.862  INFO 6948 --- [SpringApplicationShutdownHook] j.LocalContainerEntityManagerFactoryBean : Closing JPA EntityManagerFactory for persistence unit 'default'
2022-06-20 00:39:52.867  INFO 6948 --- [SpringApplicationShutdownHook] com.zaxxer.hikari.HikariDataSource       : HikariPool-1 - Shutdown initiated...
2022-06-20 00:39:52.876  INFO 6948 --- [SpringApplicationShutdownHook] com.zaxxer.hikari.HikariDataSource       : HikariPool-1 - Shutdown completed.
2022-06-20 00:39:57.388  INFO 3696 --- [restartedMain] com.example.mock2.Mock2Application       : Starting Mock2Application using Java 17.0.1 on XinchaoanhBach with PID 3696 (C:\GitLab\Mock2_Project\bk_java_proshop\01.source\target\classes started by AnhBach in C:\GitLab\Mock2_Project\bk_java_proshop\01.source)
2022-06-20 00:39:57.389  INFO 3696 --- [restartedMain] com.example.mock2.Mock2Application       : No active profile set, falling back to 1 default profile: "default"
2022-06-20 00:39:57.427  INFO 3696 --- [restartedMain] .e.DevToolsPropertyDefaultsPostProcessor : Devtools property defaults active! Set 'spring.devtools.add-properties' to 'false' to disable
2022-06-20 00:39:57.427  INFO 3696 --- [restartedMain] .e.DevToolsPropertyDefaultsPostProcessor : For additional web related logging consider setting the 'logging.level.web' property to 'DEBUG'
2022-06-20 00:39:58.139  INFO 3696 --- [restartedMain] .s.d.r.c.RepositoryConfigurationDelegate : Bootstrapping Spring Data JPA repositories in DEFAULT mode.
2022-06-20 00:39:58.270  INFO 3696 --- [restartedMain] .s.d.r.c.RepositoryConfigurationDelegate : Finished Spring Data repository scanning in 122 ms. Found 9 JPA repository interfaces.
2022-06-20 00:39:58.887  INFO 3696 --- [restartedMain] o.s.b.w.embedded.tomcat.TomcatWebServer  : Tomcat initialized with port(s): 8080 (http)
2022-06-20 00:39:58.896  INFO 3696 --- [restartedMain] o.apache.catalina.core.StandardService   : Starting service [Tomcat]
2022-06-20 00:39:58.897  INFO 3696 --- [restartedMain] org.apache.catalina.core.StandardEngine  : Starting Servlet engine: [Apache Tomcat/9.0.63]
2022-06-20 00:39:58.983  INFO 3696 --- [restartedMain] o.a.c.c.C.[Tomcat].[localhost].[/]       : Initializing Spring embedded WebApplicationContext
2022-06-20 00:39:58.983  INFO 3696 --- [restartedMain] w.s.c.ServletWebServerApplicationContext : Root WebApplicationContext: initialization completed in 1555 ms
2022-06-20 00:39:59.091  INFO 3696 --- [restartedMain] o.hibernate.jpa.internal.util.LogHelper  : HHH000204: Processing PersistenceUnitInfo [name: default]
2022-06-20 00:39:59.126  INFO 3696 --- [restartedMain] org.hibernate.Version                    : HHH000412: Hibernate ORM core version 5.6.9.Final
2022-06-20 00:39:59.219  INFO 3696 --- [restartedMain] o.hibernate.annotations.common.Version   : HCANN000001: Hibernate Commons Annotations {5.1.2.Final}
2022-06-20 00:39:59.287  INFO 3696 --- [restartedMain] com.zaxxer.hikari.HikariDataSource       : HikariPool-1 - Starting...
2022-06-20 00:39:59.540  INFO 3696 --- [restartedMain] com.zaxxer.hikari.HikariDataSource       : HikariPool-1 - Start completed.
2022-06-20 00:39:59.551  INFO 3696 --- [restartedMain] org.hibernate.dialect.Dialect            : HHH000400: Using dialect: org.hibernate.dialect.MySQL5InnoDBDialect
2022-06-20 00:40:00.335  INFO 3696 --- [restartedMain] o.h.e.t.j.p.i.JtaPlatformInitiator       : HHH000490: Using JtaPlatform implementation: [org.hibernate.engine.transaction.jta.platform.internal.NoJtaPlatform]
2022-06-20 00:40:00.341  INFO 3696 --- [restartedMain] j.LocalContainerEntityManagerFactoryBean : Initialized JPA EntityManagerFactory for persistence unit 'default'
2022-06-20 00:40:01.059  WARN 3696 --- [restartedMain] JpaBaseConfiguration$JpaWebConfiguration : spring.jpa.open-in-view is enabled by default. Therefore, database queries may be performed during view rendering. Explicitly configure spring.jpa.open-in-view to disable this warning
2022-06-20 00:40:01.182  INFO 3696 --- [restartedMain] o.s.s.web.DefaultSecurityFilterChain     : Will secure any request with [org.springframework.security.web.session.DisableEncodeUrlFilter@6e5a42b9, org.springframework.security.web.context.request.async.WebAsyncManagerIntegrationFilter@690f152f, org.springframework.security.web.context.SecurityContextPersistenceFilter@3d0c6acf, org.springframework.security.web.header.HeaderWriterFilter@116acb73, org.springframework.security.web.authentication.logout.LogoutFilter@3856f671, com.example.mock2.filter.CustomAuthorizationFilter@7026c413, org.springframework.security.web.authentication.UsernamePasswordAuthenticationFilter@55535626, org.springframework.security.web.savedrequest.RequestCacheAwareFilter@3d59ac57, org.springframework.security.web.servletapi.SecurityContextHolderAwareRequestFilter@5ae54247, org.springframework.security.web.authentication.AnonymousAuthenticationFilter@4d700bf0, org.springframework.security.web.session.SessionManagementFilter@1e04fc3f, org.springframework.security.web.access.ExceptionTranslationFilter@74ebd503, org.springframework.security.web.access.intercept.FilterSecurityInterceptor@1af59a55]
2022-06-20 00:40:01.412  WARN 3696 --- [restartedMain] ion$DefaultTemplateResolverConfiguration : Cannot find template location: classpath:/templates/ (please add some templates or check your Thymeleaf configuration)
2022-06-20 00:40:01.498  INFO 3696 --- [restartedMain] o.s.b.d.a.OptionalLiveReloadServer       : LiveReload server is running on port 35729
2022-06-20 00:40:01.531  INFO 3696 --- [restartedMain] o.s.b.w.embedded.tomcat.TomcatWebServer  : Tomcat started on port(s): 8080 (http) with context path ''
2022-06-20 00:40:01.544  INFO 3696 --- [restartedMain] com.example.mock2.Mock2Application       : Started Mock2Application in 4.459 seconds (JVM running for 5.096)
2022-06-20 00:40:01.813  INFO 3696 --- [http-nio-8080-exec-2] o.a.c.c.C.[Tomcat].[localhost].[/]       : Initializing Spring DispatcherServlet 'dispatcherServlet'
2022-06-20 00:40:01.813  INFO 3696 --- [http-nio-8080-exec-2] o.s.web.servlet.DispatcherServlet        : Initializing Servlet 'dispatcherServlet'
2022-06-20 00:40:01.814  INFO 3696 --- [http-nio-8080-exec-2] o.s.web.servlet.DispatcherServlet        : Completed initialization in 1 ms
2022-06-20 00:40:05.811  WARN 3696 --- [http-nio-8080-exec-3] .m.m.a.ExceptionHandlerExceptionResolver : Resolved [java.time.temporal.UnsupportedTemporalTypeException: Unsupported field: ClockHourOfAmPm]
2022-06-20 00:40:41.512  INFO 3696 --- [SpringApplicationShutdownHook] j.LocalContainerEntityManagerFactoryBean : Closing JPA EntityManagerFactory for persistence unit 'default'
2022-06-20 00:40:41.516  INFO 3696 --- [SpringApplicationShutdownHook] com.zaxxer.hikari.HikariDataSource       : HikariPool-1 - Shutdown initiated...
2022-06-20 00:40:41.523  INFO 3696 --- [SpringApplicationShutdownHook] com.zaxxer.hikari.HikariDataSource       : HikariPool-1 - Shutdown completed.
2022-06-20 00:40:46.370  INFO 5028 --- [restartedMain] com.example.mock2.Mock2Application       : Starting Mock2Application using Java 17.0.1 on XinchaoanhBach with PID 5028 (C:\GitLab\Mock2_Project\bk_java_proshop\01.source\target\classes started by AnhBach in C:\GitLab\Mock2_Project\bk_java_proshop\01.source)
2022-06-20 00:40:46.371  INFO 5028 --- [restartedMain] com.example.mock2.Mock2Application       : No active profile set, falling back to 1 default profile: "default"
2022-06-20 00:40:46.413  INFO 5028 --- [restartedMain] .e.DevToolsPropertyDefaultsPostProcessor : Devtools property defaults active! Set 'spring.devtools.add-properties' to 'false' to disable
2022-06-20 00:40:46.413  INFO 5028 --- [restartedMain] .e.DevToolsPropertyDefaultsPostProcessor : For additional web related logging consider setting the 'logging.level.web' property to 'DEBUG'
2022-06-20 00:40:47.076  INFO 5028 --- [restartedMain] .s.d.r.c.RepositoryConfigurationDelegate : Bootstrapping Spring Data JPA repositories in DEFAULT mode.
2022-06-20 00:40:47.168  INFO 5028 --- [restartedMain] .s.d.r.c.RepositoryConfigurationDelegate : Finished Spring Data repository scanning in 79 ms. Found 9 JPA repository interfaces.
2022-06-20 00:40:47.931  INFO 5028 --- [restartedMain] o.s.b.w.embedded.tomcat.TomcatWebServer  : Tomcat initialized with port(s): 8080 (http)
2022-06-20 00:40:47.938  INFO 5028 --- [restartedMain] o.apache.catalina.core.StandardService   : Starting service [Tomcat]
2022-06-20 00:40:47.938  INFO 5028 --- [restartedMain] org.apache.catalina.core.StandardEngine  : Starting Servlet engine: [Apache Tomcat/9.0.63]
2022-06-20 00:40:48.018  INFO 5028 --- [restartedMain] o.a.c.c.C.[Tomcat].[localhost].[/]       : Initializing Spring embedded WebApplicationContext
2022-06-20 00:40:48.018  INFO 5028 --- [restartedMain] w.s.c.ServletWebServerApplicationContext : Root WebApplicationContext: initialization completed in 1604 ms
2022-06-20 00:40:48.136  INFO 5028 --- [restartedMain] o.hibernate.jpa.internal.util.LogHelper  : HHH000204: Processing PersistenceUnitInfo [name: default]
2022-06-20 00:40:48.174  INFO 5028 --- [restartedMain] org.hibernate.Version                    : HHH000412: Hibernate ORM core version 5.6.9.Final
2022-06-20 00:40:48.281  INFO 5028 --- [restartedMain] o.hibernate.annotations.common.Version   : HCANN000001: Hibernate Commons Annotations {5.1.2.Final}
2022-06-20 00:40:48.350  INFO 5028 --- [restartedMain] com.zaxxer.hikari.HikariDataSource       : HikariPool-1 - Starting...
2022-06-20 00:40:48.579  INFO 5028 --- [restartedMain] com.zaxxer.hikari.HikariDataSource       : HikariPool-1 - Start completed.
2022-06-20 00:40:48.590  INFO 5028 --- [restartedMain] org.hibernate.dialect.Dialect            : HHH000400: Using dialect: org.hibernate.dialect.MySQL5InnoDBDialect
2022-06-20 00:40:49.366  INFO 5028 --- [restartedMain] o.h.e.t.j.p.i.JtaPlatformInitiator       : HHH000490: Using JtaPlatform implementation: [org.hibernate.engine.transaction.jta.platform.internal.NoJtaPlatform]
2022-06-20 00:40:49.372  INFO 5028 --- [restartedMain] j.LocalContainerEntityManagerFactoryBean : Initialized JPA EntityManagerFactory for persistence unit 'default'
2022-06-20 00:40:50.069  WARN 5028 --- [restartedMain] JpaBaseConfiguration$JpaWebConfiguration : spring.jpa.open-in-view is enabled by default. Therefore, database queries may be performed during view rendering. Explicitly configure spring.jpa.open-in-view to disable this warning
2022-06-20 00:40:50.196  INFO 5028 --- [restartedMain] o.s.s.web.DefaultSecurityFilterChain     : Will secure any request with [org.springframework.security.web.session.DisableEncodeUrlFilter@3e47e8b9, org.springframework.security.web.context.request.async.WebAsyncManagerIntegrationFilter@4592d261, org.springframework.security.web.context.SecurityContextPersistenceFilter@3e31dd3b, org.springframework.security.web.header.HeaderWriterFilter@5c6656da, org.springframework.security.web.authentication.logout.LogoutFilter@6b340b38, com.example.mock2.filter.CustomAuthorizationFilter@6284b495, org.springframework.security.web.authentication.UsernamePasswordAuthenticationFilter@590b2e1a, org.springframework.security.web.savedrequest.RequestCacheAwareFilter@637a073f, org.springframework.security.web.servletapi.SecurityContextHolderAwareRequestFilter@47e448e0, org.springframework.security.web.authentication.AnonymousAuthenticationFilter@6d9b16fb, org.springframework.security.web.session.SessionManagementFilter@29933d7e, org.springframework.security.web.access.ExceptionTranslationFilter@4c0c8a7a, org.springframework.security.web.access.intercept.FilterSecurityInterceptor@5d72a357]
2022-06-20 00:40:50.436  WARN 5028 --- [restartedMain] ion$DefaultTemplateResolverConfiguration : Cannot find template location: classpath:/templates/ (please add some templates or check your Thymeleaf configuration)
2022-06-20 00:40:50.531  INFO 5028 --- [restartedMain] o.s.b.d.a.OptionalLiveReloadServer       : LiveReload server is running on port 35729
2022-06-20 00:40:50.569  INFO 5028 --- [restartedMain] o.s.b.w.embedded.tomcat.TomcatWebServer  : Tomcat started on port(s): 8080 (http) with context path ''
2022-06-20 00:40:50.582  INFO 5028 --- [restartedMain] com.example.mock2.Mock2Application       : Started Mock2Application in 4.516 seconds (JVM running for 5.189)
2022-06-20 00:40:52.776  INFO 5028 --- [http-nio-8080-exec-1] o.a.c.c.C.[Tomcat].[localhost].[/]       : Initializing Spring DispatcherServlet 'dispatcherServlet'
2022-06-20 00:40:52.777  INFO 5028 --- [http-nio-8080-exec-1] o.s.web.servlet.DispatcherServlet        : Initializing Servlet 'dispatcherServlet'
2022-06-20 00:40:52.779  INFO 5028 --- [http-nio-8080-exec-1] o.s.web.servlet.DispatcherServlet        : Completed initialization in 2 ms
2022-06-20 00:40:54.791  WARN 5028 --- [http-nio-8080-exec-3] o.h.p.entity.AbstractEntityPersister     : HHH000502: The [product] property of the [com.example.mock2.Entity.BillDetail] entity was modified, but it won't be updated because the property is immutable.
2022-06-20 00:45:57.342  INFO 5028 --- [SpringApplicationShutdownHook] j.LocalContainerEntityManagerFactoryBean : Closing JPA EntityManagerFactory for persistence unit 'default'
2022-06-20 00:45:57.345  INFO 5028 --- [SpringApplicationShutdownHook] com.zaxxer.hikari.HikariDataSource       : HikariPool-1 - Shutdown initiated...
2022-06-20 00:45:57.351  INFO 5028 --- [SpringApplicationShutdownHook] com.zaxxer.hikari.HikariDataSource       : HikariPool-1 - Shutdown completed.
